{"numFailedTestSuites":1,"numFailedTests":0,"numPassedTestSuites":0,"numPassedTests":0,"numPendingTestSuites":0,"numPendingTests":0,"numRuntimeErrorTestSuites":1,"numTodoTests":0,"numTotalTestSuites":1,"numTotalTests":0,"openHandles":[],"snapshot":{"added":0,"didUpdate":false,"failure":false,"filesAdded":0,"filesRemoved":0,"filesRemovedList":[],"filesUnmatched":0,"filesUpdated":0,"matched":0,"total":0,"unchecked":0,"uncheckedKeysByFile":[],"unmatched":0,"updated":0},"startTime":1773882879959,"success":false,"testResults":[{"assertionResults":[],"coverage":{},"endTime":1773882881869,"message":"  \u001b[1m● \u001b[22mTest suite failed to run\n\n    Cannot find module '../../app/context/GlobalDataContext' from 'src/app/components/hooks/useSidebarRuntime.ts'\n\n    Require stack:\n      src/app/components/hooks/useSidebarRuntime.ts\n      src/app/components/Sidebar.tsx\n      src/app/components/Sidebar.test.tsx\n\n    \u001b[0m \u001b[90m 12 |\u001b[39m     \u001b[36mconst\u001b[39m { t\u001b[33m,\u001b[39m language\u001b[33m,\u001b[39m setLanguage\u001b[33m,\u001b[39m isRtl } \u001b[33m=\u001b[39m useLanguage()\u001b[33m;\u001b[39m\n     \u001b[90m 13 |\u001b[39m     \n    \u001b[31m\u001b[1m>\u001b[22m\u001b[39m\u001b[90m 14 |\u001b[39m     \u001b[90m// Global Contexts\u001b[39m\n     \u001b[90m    |\u001b[39m                            \u001b[31m\u001b[1m^\u001b[22m\u001b[39m\n     \u001b[90m 15 |\u001b[39m     \u001b[36mconst\u001b[39m { lastUpdated\u001b[33m,\u001b[39m loading } \u001b[33m=\u001b[39m useDataSyncStatus()\u001b[33m;\u001b[39m\n     \u001b[90m 16 |\u001b[39m     \u001b[36mconst\u001b[39m { activePortfolioId\u001b[33m,\u001b[39m setActivePortfolioId\u001b[33m,\u001b[39m portfolios } \u001b[33m=\u001b[39m usePortfolioData()\u001b[33m;\u001b[39m\n     \u001b[90m 17 |\u001b[39m     \u001b[36mconst\u001b[39m { dashboard } \u001b[33m=\u001b[39m useDashboardData()\u001b[33m;\u001b[39m\u001b[0m\n\n      \u001b[2mat Resolver._throwModNotFoundError (\u001b[22m../node_modules/jest-resolve/build/index.js\u001b[2m:863:11)\u001b[22m\n      \u001b[2mat Object.<anonymous> (\u001b[22msrc/app/components/hooks/useSidebarRuntime.ts\u001b[2m:14:28)\u001b[22m\n      \u001b[2mat Object.<anonymous> (\u001b[22msrc/app/components/Sidebar.tsx\u001b[2m:14:28)\u001b[22m\n      \u001b[2mat Object.<anonymous> (\u001b[22m\u001b[0m\u001b[36msrc/app/components/Sidebar.test.tsx\u001b[39m\u001b[0m\u001b[2m:43:57)\u001b[22m\n","name":"C:\\Users\\TSabr\\Horus\\Horus-Analytics-II\\frontend\\src\\app\\components\\Sidebar.test.tsx","startTime":1773882881869,"status":"failed","summary":""}],"wasInterrupted":false}
