{"numFailedTestSuites":1,"numFailedTests":1,"numPassedTestSuites":12,"numPassedTests":41,"numPendingTestSuites":0,"numPendingTests":0,"numRuntimeErrorTestSuites":0,"numTodoTests":0,"numTotalTestSuites":13,"numTotalTests":42,"openHandles":[],"snapshot":{"added":0,"didUpdate":false,"failure":false,"filesAdded":0,"filesRemoved":0,"filesRemovedList":[],"filesUnmatched":0,"filesUpdated":0,"matched":0,"total":0,"unchecked":0,"uncheckedKeysByFile":[],"unmatched":0,"updated":0},"startTime":1773883620105,"success":false,"testResults":[{"assertionResults":[{"ancestorTitles":["portfolio form helpers"],"duration":11,"failing":false,"failureDetails":[],"failureMessages":[],"fullName":"portfolio form helpers normalizes numeric strings with comma separators","invocations":1,"location":null,"numPassingAsserts":3,"retryReasons":[],"startAt":1773883624366,"status":"passed","title":"normalizes numeric strings with comma separators"},{"ancestorTitles":["portfolio form helpers"],"duration":2,"failing":false,"failureDetails":[],"failureMessages":[],"fullName":"portfolio form helpers truncates prices without rounding up","invocations":1,"location":null,"numPassingAsserts":2,"retryReasons":[],"startAt":1773883624379,"status":"passed","title":"truncates prices without rounding up"},{"ancestorTitles":["portfolio form helpers"],"duration":2,"failing":false,"failureDetails":[],"failureMessages":[],"fullName":"portfolio form helpers formats current prices through the default truncation precision","invocations":1,"location":null,"numPassingAsserts":1,"retryReasons":[],"startAt":1773883624382,"status":"passed","title":"formats current prices through the default truncation precision"}],"endTime":1773883624389,"message":"","name":"C:\\Users\\TSabr\\Horus\\Horus-Analytics-II\\frontend\\src\\app\\portfolio\\lib\\forms.test.ts","startTime":1773883622780,"status":"passed","summary":""},{"assertionResults":[{"ancestorTitles":["usePortfolioActions"],"duration":147,"failing":false,"failureDetails":[],"failureMessages":[],"fullName":"usePortfolioActions submits add-position successfully and triggers refresh plus success mapping","invocations":1,"location":null,"numPassingAsserts":4,"retryReasons":[],"startAt":1773883624597,"status":"passed","title":"submits add-position successfully and triggers refresh plus success mapping"},{"ancestorTitles":["usePortfolioActions"],"duration":50,"failing":false,"failureDetails":[],"failureMessages":[],"fullName":"usePortfolioActions maps WFA block failures on add-position","invocations":1,"location":null,"numPassingAsserts":1,"retryReasons":[],"startAt":1773883624747,"status":"passed","title":"maps WFA block failures on add-position"},{"ancestorTitles":["usePortfolioActions"],"duration":28,"failing":false,"failureDetails":[],"failureMessages":[],"fullName":"usePortfolioActions imports CSV backup and refreshes runtime data","invocations":1,"location":null,"numPassingAsserts":3,"retryReasons":[],"startAt":1773883624798,"status":"passed","title":"imports CSV backup and refreshes runtime data"},{"ancestorTitles":["usePortfolioActions"],"duration":6,"failing":false,"failureDetails":[],"failureMessages":[],"fullName":"usePortfolioActions opens export endpoint for the active portfolio","invocations":1,"location":null,"numPassingAsserts":1,"retryReasons":[],"startAt":1773883624826,"status":"passed","title":"opens export endpoint for the active portfolio"},{"ancestorTitles":["usePortfolioActions"],"duration":18,"failing":false,"failureDetails":[],"failureMessages":[],"fullName":"usePortfolioActions updates a position and emits success mapping","invocations":1,"location":null,"numPassingAsserts":3,"retryReasons":[],"startAt":1773883624832,"status":"passed","title":"updates a position and emits success mapping"},{"ancestorTitles":["usePortfolioActions"],"duration":28,"failing":false,"failureDetails":[],"failureMessages":[],"fullName":"usePortfolioActions closes part of a position and maps the partial-close success message","invocations":1,"location":null,"numPassingAsserts":2,"retryReasons":[],"startAt":1773883624851,"status":"passed","title":"closes part of a position and maps the partial-close success message"}],"endTime":1773883624885,"message":"","name":"C:\\Users\\TSabr\\Horus\\Horus-Analytics-II\\frontend\\src\\app\\portfolio\\hooks\\usePortfolioActions.test.tsx","startTime":1773883622762,"status":"passed","summary":""},{"assertionResults":[{"ancestorTitles":["PortfolioPositionModal"],"duration":404,"failing":false,"failureDetails":[],"failureMessages":[],"fullName":"PortfolioPositionModal renders add mode and wires field changes","invocations":1,"location":null,"numPassingAsserts":6,"retryReasons":[],"startAt":1773883624645,"status":"passed","title":"renders add mode and wires field changes"},{"ancestorTitles":["PortfolioPositionModal"],"duration":46,"failing":false,"failureDetails":[],"failureMessages":[],"fullName":"PortfolioPositionModal renders update mode for an existing position","invocations":1,"location":null,"numPassingAsserts":4,"retryReasons":[],"startAt":1773883625050,"status":"passed","title":"renders update mode for an existing position"}],"endTime":1773883625099,"message":"","name":"C:\\Users\\TSabr\\Horus\\Horus-Analytics-II\\frontend\\src\\app\\portfolio\\components\\PortfolioPositionModal.test.tsx","startTime":1773883622654,"status":"passed","summary":""},{"assertionResults":[{"ancestorTitles":["usePortfolioRuntime"],"duration":132,"failing":false,"failureDetails":[],"failureMessages":[],"fullName":"usePortfolioRuntime loads active hoard, health, and analysis for the active portfolio","invocations":1,"location":null,"numPassingAsserts":4,"retryReasons":[],"startAt":1773883625208,"status":"passed","title":"loads active hoard, health, and analysis for the active portfolio"},{"ancestorTitles":["usePortfolioRuntime"],"duration":54,"failing":false,"failureDetails":[],"failureMessages":[],"fullName":"usePortfolioRuntime stays empty when no active portfolio is selected","invocations":1,"location":null,"numPassingAsserts":5,"retryReasons":[],"startAt":1773883625346,"status":"passed","title":"stays empty when no active portfolio is selected"}],"endTime":1773883625403,"message":"","name":"C:\\Users\\TSabr\\Horus\\Horus-Analytics-II\\frontend\\src\\app\\portfolio\\hooks\\usePortfolioRuntime.test.tsx","startTime":1773883623500,"status":"passed","summary":""},{"assertionResults":[{"ancestorTitles":["PortfolioManagementModal"],"duration":536,"failing":false,"failureDetails":[],"failureMessages":[],"fullName":"PortfolioManagementModal renders management content and wires control callbacks","invocations":1,"location":null,"numPassingAsserts":11,"retryReasons":[],"startAt":1773883625128,"status":"passed","title":"renders management content and wires control callbacks"}],"endTime":1773883625671,"message":"","name":"C:\\Users\\TSabr\\Horus\\Horus-Analytics-II\\frontend\\src\\app\\portfolio\\components\\PortfolioManagementModal.test.tsx","startTime":1773883623183,"status":"passed","summary":""},{"assertionResults":[{"ancestorTitles":["PortfolioCloseDialog"],"duration":411,"failing":false,"failureDetails":[],"failureMessages":[],"fullName":"PortfolioCloseDialog renders the close dialog and wires confirmation controls","invocations":1,"location":null,"numPassingAsserts":7,"retryReasons":[],"startAt":1773883625343,"status":"passed","title":"renders the close dialog and wires confirmation controls"}],"endTime":1773883625757,"message":"","name":"C:\\Users\\TSabr\\Horus\\Horus-Analytics-II\\frontend\\src\\app\\portfolio\\components\\PortfolioCloseDialog.test.tsx","startTime":1773883623528,"status":"passed","summary":""},{"assertionResults":[{"ancestorTitles":["PortfolioGenesisModal"],"duration":384,"failing":false,"failureDetails":[],"failureMessages":[],"fullName":"PortfolioGenesisModal renders genesis form and wires reserve and holding actions","invocations":1,"location":null,"numPassingAsserts":12,"retryReasons":[],"startAt":1773883625488,"status":"passed","title":"renders genesis form and wires reserve and holding actions"},{"ancestorTitles":["PortfolioGenesisModal"],"duration":22,"failing":false,"failureDetails":[],"failureMessages":[],"fullName":"PortfolioGenesisModal renders the empty holding hint when no holdings exist","invocations":1,"location":null,"numPassingAsserts":1,"retryReasons":[],"startAt":1773883625874,"status":"passed","title":"renders the empty holding hint when no holdings exist"}],"endTime":1773883625900,"message":"","name":"C:\\Users\\TSabr\\Horus\\Horus-Analytics-II\\frontend\\src\\app\\portfolio\\components\\PortfolioGenesisModal.test.tsx","startTime":1773883623478,"status":"passed","summary":""},{"assertionResults":[{"ancestorTitles":["PortfolioShell"],"duration":529,"failing":false,"failureDetails":[],"failureMessages":[],"fullName":"PortfolioShell renders initialized shell and wires toolbar actions","invocations":1,"location":null,"numPassingAsserts":11,"retryReasons":[],"startAt":1773883625911,"status":"passed","title":"renders initialized shell and wires toolbar actions"},{"ancestorTitles":["PortfolioShell"],"duration":52,"failing":false,"failureDetails":[],"failureMessages":[],"fullName":"PortfolioShell renders empty-state shell and embeds the genesis modal content","invocations":1,"location":null,"numPassingAsserts":6,"retryReasons":[],"startAt":1773883626442,"status":"passed","title":"renders empty-state shell and embeds the genesis modal content"},{"ancestorTitles":["PortfolioShell"],"duration":37,"failing":false,"failureDetails":[],"failureMessages":[],"fullName":"PortfolioShell skips the report section when no active portfolio id is available","invocations":1,"location":null,"numPassingAsserts":1,"retryReasons":[],"startAt":1773883626495,"status":"passed","title":"skips the report section when no active portfolio id is available"}],"endTime":1773883626535,"message":"","name":"C:\\Users\\TSabr\\Horus\\Horus-Analytics-II\\frontend\\src\\app\\portfolio\\components\\PortfolioShell.test.tsx","startTime":1773883624016,"status":"passed","summary":""},{"assertionResults":[{"ancestorTitles":["usePortfolioManagement"],"duration":51,"failing":false,"failureDetails":[],"failureMessages":[],"fullName":"usePortfolioManagement fetches the management report and maps success state","invocations":1,"location":null,"numPassingAsserts":2,"retryReasons":[],"startAt":1773883626606,"status":"passed","title":"fetches the management report and maps success state"},{"ancestorTitles":["usePortfolioManagement"],"duration":11,"failing":false,"failureDetails":[],"failureMessages":[],"fullName":"usePortfolioManagement blocks intake when there are no valid holdings","invocations":1,"location":null,"numPassingAsserts":1,"retryReasons":[],"startAt":1773883626659,"status":"passed","title":"blocks intake when there are no valid holdings"},{"ancestorTitles":["usePortfolioManagement"],"duration":29,"failing":false,"failureDetails":[],"failureMessages":[],"fullName":"usePortfolioManagement submits holdings intake and refreshes runtime plus report state","invocations":1,"location":null,"numPassingAsserts":4,"retryReasons":[],"startAt":1773883626671,"status":"passed","title":"submits holdings intake and refreshes runtime plus report state"},{"ancestorTitles":["usePortfolioManagement"],"duration":16,"failing":false,"failureDetails":[],"failureMessages":[],"fullName":"usePortfolioManagement sends the management report and records the send summary","invocations":1,"location":null,"numPassingAsserts":2,"retryReasons":[],"startAt":1773883626701,"status":"passed","title":"sends the management report and records the send summary"}],"endTime":1773883626720,"message":"","name":"C:\\Users\\TSabr\\Horus\\Horus-Analytics-II\\frontend\\src\\app\\portfolio\\hooks\\usePortfolioManagement.test.tsx","startTime":1773883625255,"status":"passed","summary":""},{"assertionResults":[{"ancestorTitles":["usePortfolioForms"],"duration":57,"failing":false,"failureDetails":[],"failureMessages":[],"fullName":"usePortfolioForms initializes with default state","invocations":1,"location":null,"numPassingAsserts":4,"retryReasons":[],"startAt":1773883626794,"status":"passed","title":"initializes with default state"},{"ancestorTitles":["usePortfolioForms"],"duration":8,"failing":false,"failureDetails":[],"failureMessages":[],"fullName":"usePortfolioForms handles form field changes","invocations":1,"location":null,"numPassingAsserts":2,"retryReasons":[],"startAt":1773883626852,"status":"passed","title":"handles form field changes"},{"ancestorTitles":["usePortfolioForms"],"duration":14,"failing":false,"failureDetails":[],"failureMessages":[],"fullName":"usePortfolioForms calls submitAddPosition and clears form on success","invocations":1,"location":null,"numPassingAsserts":5,"retryReasons":[],"startAt":1773883626860,"status":"passed","title":"calls submitAddPosition and clears form on success"},{"ancestorTitles":["usePortfolioForms"],"duration":19,"failing":false,"failureDetails":[],"failureMessages":[],"fullName":"usePortfolioForms calls submitUpdatePosition and resets tracking state on success","invocations":1,"location":null,"numPassingAsserts":4,"retryReasons":[],"startAt":1773883626874,"status":"passed","title":"calls submitUpdatePosition and resets tracking state on success"}],"endTime":1773883626896,"message":"","name":"C:\\Users\\TSabr\\Horus\\Horus-Analytics-II\\frontend\\src\\app\\portfolio\\hooks\\usePortfolioForms.test.tsx","startTime":1773883625424,"status":"passed","summary":""},{"assertionResults":[{"ancestorTitles":["usePortfolioDialogs","Genesis Arrays"],"duration":60,"failing":false,"failureDetails":[],"failureMessages":[],"fullName":"usePortfolioDialogs Genesis Arrays adds, updates, and removes holding rows","invocations":1,"location":null,"numPassingAsserts":4,"retryReasons":[],"startAt":1773883626896,"status":"passed","title":"adds, updates, and removes holding rows"},{"ancestorTitles":["usePortfolioDialogs","Close Position Logic"],"duration":10,"failing":false,"failureDetails":[{"matcherResult":{"actual":"50.000","expected":"50.00","message":"\u001b[2mexpect(\u001b[22m\u001b[31mreceived\u001b[39m\u001b[2m).\u001b[22mtoBe\u001b[2m(\u001b[22m\u001b[32mexpected\u001b[39m\u001b[2m) // Object.is equality\u001b[22m\n\nExpected: \u001b[32m\"50.00\"\u001b[39m\nReceived: \u001b[31m\"50.00\u001b[7m0\u001b[27m\"\u001b[39m","name":"toBe","pass":false}}],"failureMessages":["Error: \u001b[2mexpect(\u001b[22m\u001b[31mreceived\u001b[39m\u001b[2m).\u001b[22mtoBe\u001b[2m(\u001b[22m\u001b[32mexpected\u001b[39m\u001b[2m) // Object.is equality\u001b[22m\n\nExpected: \u001b[32m\"50.00\"\u001b[39m\nReceived: \u001b[31m\"50.00\u001b[7m0\u001b[27m\"\u001b[39m\n    at Object.toBe (C:\\Users\\TSabr\\Horus\\Horus-Analytics-II\\frontend\\src\\app\\portfolio\\hooks\\usePortfolioDialogs.test.tsx:65:54)\n    at Promise.finally.completed (C:\\Users\\TSabr\\Horus\\Horus-Analytics-II\\node_modules\\jest-circus\\build\\jestAdapterInit.js:1557:28)\n    at new Promise (<anonymous>)\n    at callAsyncCircusFn (C:\\Users\\TSabr\\Horus\\Horus-Analytics-II\\node_modules\\jest-circus\\build\\jestAdapterInit.js:1497:10)\n    at _callCircusTest (C:\\Users\\TSabr\\Horus\\Horus-Analytics-II\\node_modules\\jest-circus\\build\\jestAdapterInit.js:1007:40)\n    at processTicksAndRejections (node:internal/process/task_queues:103:5)\n    at _runTest (C:\\Users\\TSabr\\Horus\\Horus-Analytics-II\\node_modules\\jest-circus\\build\\jestAdapterInit.js:947:3)\n    at C:\\Users\\TSabr\\Horus\\Horus-Analytics-II\\node_modules\\jest-circus\\build\\jestAdapterInit.js:849:7\n    at _runTestsForDescribeBlock (C:\\Users\\TSabr\\Horus\\Horus-Analytics-II\\node_modules\\jest-circus\\build\\jestAdapterInit.js:862:11)\n    at _runTestsForDescribeBlock (C:\\Users\\TSabr\\Horus\\Horus-Analytics-II\\node_modules\\jest-circus\\build\\jestAdapterInit.js:857:11)\n    at _runTestsForDescribeBlock (C:\\Users\\TSabr\\Horus\\Horus-Analytics-II\\node_modules\\jest-circus\\build\\jestAdapterInit.js:857:11)\n    at run (C:\\Users\\TSabr\\Horus\\Horus-Analytics-II\\node_modules\\jest-circus\\build\\jestAdapterInit.js:761:3)\n    at runAndTransformResultsToJestFormat (C:\\Users\\TSabr\\Horus\\Horus-Analytics-II\\node_modules\\jest-circus\\build\\jestAdapterInit.js:1918:21)\n    at jestAdapter (C:\\Users\\TSabr\\Horus\\Horus-Analytics-II\\node_modules\\jest-circus\\build\\runner.js:101:19)\n    at runTestInternal (C:\\Users\\TSabr\\Horus\\Horus-Analytics-II\\node_modules\\jest-runner\\build\\testWorker.js:275:16)\n    at runTest (C:\\Users\\TSabr\\Horus\\Horus-Analytics-II\\node_modules\\jest-runner\\build\\testWorker.js:343:7)\n    at Object.worker (C:\\Users\\TSabr\\Horus\\Horus-Analytics-II\\node_modules\\jest-runner\\build\\testWorker.js:497:12)"],"fullName":"usePortfolioDialogs Close Position Logic requests close position successfully","invocations":1,"location":null,"numPassingAsserts":3,"retryReasons":[],"startAt":1773883626957,"status":"failed","title":"requests close position successfully"},{"ancestorTitles":["usePortfolioDialogs","Close Position Logic"],"duration":6,"failing":false,"failureDetails":[],"failureMessages":[],"fullName":"usePortfolioDialogs Close Position Logic shows error if no sellable shares","invocations":1,"location":null,"numPassingAsserts":2,"retryReasons":[],"startAt":1773883626980,"status":"passed","title":"shows error if no sellable shares"},{"ancestorTitles":["usePortfolioDialogs","Close Position Logic"],"duration":4,"failing":false,"failureDetails":[],"failureMessages":[],"fullName":"usePortfolioDialogs Close Position Logic calculates quick close shares","invocations":1,"location":null,"numPassingAsserts":2,"retryReasons":[],"startAt":1773883626987,"status":"passed","title":"calculates quick close shares"},{"ancestorTitles":["usePortfolioDialogs","Close Position Logic"],"duration":8,"failing":false,"failureDetails":[],"failureMessages":[],"fullName":"usePortfolioDialogs Close Position Logic submits close position request properly","invocations":1,"location":null,"numPassingAsserts":2,"retryReasons":[],"startAt":1773883626991,"status":"passed","title":"submits close position request properly"},{"ancestorTitles":["usePortfolioDialogs","Close Position Logic"],"duration":6,"failing":false,"failureDetails":[],"failureMessages":[],"fullName":"usePortfolioDialogs Close Position Logic prevents submission of invalid shares","invocations":1,"location":null,"numPassingAsserts":2,"retryReasons":[],"startAt":1773883627000,"status":"passed","title":"prevents submission of invalid shares"}],"endTime":1773883627047,"message":"\u001b[1m\u001b[31m  \u001b[1m● \u001b[22m\u001b[1musePortfolioDialogs › Close Position Logic › requests close position successfully\u001b[39m\u001b[22m\n\n    \u001b[2mexpect(\u001b[22m\u001b[31mreceived\u001b[39m\u001b[2m).\u001b[22mtoBe\u001b[2m(\u001b[22m\u001b[32mexpected\u001b[39m\u001b[2m) // Object.is equality\u001b[22m\n\n    Expected: \u001b[32m\"50.00\"\u001b[39m\n    Received: \u001b[31m\"50.00\u001b[7m0\u001b[27m\"\u001b[39m\n\u001b[2m\u001b[22m\n\u001b[2m    \u001b[0m \u001b[90m 63 |\u001b[39m             expect(result\u001b[33m.\u001b[39mcurrent\u001b[33m.\u001b[39mpendingClosePosition\u001b[33m?\u001b[39m\u001b[33m.\u001b[39mticker)\u001b[33m.\u001b[39mtoBe(\u001b[32m'COMI'\u001b[39m)\u001b[33m;\u001b[39m\u001b[22m\n\u001b[2m     \u001b[90m 64 |\u001b[39m             expect(result\u001b[33m.\u001b[39mcurrent\u001b[33m.\u001b[39mpendingCloseShares)\u001b[33m.\u001b[39mtoBe(\u001b[32m'1000'\u001b[39m)\u001b[33m;\u001b[39m\u001b[22m\n\u001b[2m    \u001b[31m\u001b[1m>\u001b[22m\u001b[2m\u001b[39m\u001b[90m 65 |\u001b[39m             expect(result\u001b[33m.\u001b[39mcurrent\u001b[33m.\u001b[39mpendingClosePrice)\u001b[33m.\u001b[39mtoBe(\u001b[32m'50.00'\u001b[39m)\u001b[33m;\u001b[39m \u001b[90m// Assuming formatPrice adds .00\u001b[39m\u001b[22m\n\u001b[2m     \u001b[90m    |\u001b[39m                                                      \u001b[31m\u001b[1m^\u001b[22m\u001b[2m\u001b[39m\u001b[22m\n\u001b[2m     \u001b[90m 66 |\u001b[39m         })\u001b[33m;\u001b[39m\u001b[22m\n\u001b[2m     \u001b[90m 67 |\u001b[39m\u001b[22m\n\u001b[2m     \u001b[90m 68 |\u001b[39m         it(\u001b[32m'shows error if no sellable shares'\u001b[39m\u001b[33m,\u001b[39m () \u001b[33m=>\u001b[39m {\u001b[0m\u001b[22m\n\u001b[2m\u001b[22m\n\u001b[2m      \u001b[2mat Object.toBe (\u001b[22m\u001b[2m\u001b[0m\u001b[36msrc/app/portfolio/hooks/usePortfolioDialogs.test.tsx\u001b[39m\u001b[0m\u001b[2m:65:54)\u001b[22m\u001b[2m\u001b[22m\n","name":"C:\\Users\\TSabr\\Horus\\Horus-Analytics-II\\frontend\\src\\app\\portfolio\\hooks\\usePortfolioDialogs.test.tsx","startTime":1773883625555,"status":"failed","summary":""},{"assertionResults":[{"ancestorTitles":["PortfolioPage"],"duration":386,"failing":false,"failureDetails":[],"failureMessages":[],"fullName":"PortfolioPage renders initialized treasury view when active hoard is returned","invocations":1,"location":null,"numPassingAsserts":3,"retryReasons":[],"startAt":1773883625944,"status":"passed","title":"renders initialized treasury view when active hoard is returned"},{"ancestorTitles":["PortfolioPage"],"duration":58,"failing":false,"failureDetails":[],"failureMessages":[],"fullName":"PortfolioPage renders treasury initialization state when hoard is not active","invocations":1,"location":null,"numPassingAsserts":1,"retryReasons":[],"startAt":1773883626331,"status":"passed","title":"renders treasury initialization state when hoard is not active"},{"ancestorTitles":["PortfolioPage"],"duration":145,"failing":false,"failureDetails":[],"failureMessages":[],"fullName":"PortfolioPage opens CSV export endpoint from toolbar action","invocations":1,"location":null,"numPassingAsserts":1,"retryReasons":[],"startAt":1773883626389,"status":"passed","title":"opens CSV export endpoint from toolbar action"},{"ancestorTitles":["PortfolioPage"],"duration":142,"failing":false,"failureDetails":[],"failureMessages":[],"fullName":"PortfolioPage imports CSV backup and calls the import endpoint","invocations":1,"location":null,"numPassingAsserts":2,"retryReasons":[],"startAt":1773883626534,"status":"passed","title":"imports CSV backup and calls the import endpoint"},{"ancestorTitles":["PortfolioPage"],"duration":342,"failing":false,"failureDetails":[],"failureMessages":[],"fullName":"PortfolioPage shows WFA gate error when add position is blocked","invocations":1,"location":null,"numPassingAsserts":1,"retryReasons":[],"startAt":1773883626676,"status":"passed","title":"shows WFA gate error when add position is blocked"},{"ancestorTitles":["PortfolioPage"],"duration":268,"failing":false,"failureDetails":[],"failureMessages":[],"fullName":"PortfolioPage supports partial close with quantity and percentage shortcut buttons","invocations":1,"location":null,"numPassingAsserts":3,"retryReasons":[],"startAt":1773883627018,"status":"passed","title":"supports partial close with quantity and percentage shortcut buttons"}],"endTime":1773883627288,"message":"","name":"C:\\Users\\TSabr\\Horus\\Horus-Analytics-II\\frontend\\src\\app\\portfolio\\page.test.tsx","startTime":1773883623776,"status":"passed","summary":""},{"assertionResults":[{"ancestorTitles":["PortfolioAnalysisModal"],"duration":215,"failing":false,"failureDetails":[],"failureMessages":[],"fullName":"PortfolioAnalysisModal renders diagnostics content and closes through the header action","invocations":1,"location":null,"numPassingAsserts":7,"retryReasons":[],"startAt":1773883627180,"status":"passed","title":"renders diagnostics content and closes through the header action"},{"ancestorTitles":["PortfolioAnalysisModal"],"duration":19,"failing":false,"failureDetails":[],"failureMessages":[],"fullName":"PortfolioAnalysisModal renders the healthy empty-recommendations state","invocations":1,"location":null,"numPassingAsserts":2,"retryReasons":[],"startAt":1773883627396,"status":"passed","title":"renders the healthy empty-recommendations state"}],"endTime":1773883627418,"message":"","name":"C:\\Users\\TSabr\\Horus\\Horus-Analytics-II\\frontend\\src\\app\\portfolio\\components\\PortfolioAnalysisModal.test.tsx","startTime":1773883625779,"status":"passed","summary":""}],"wasInterrupted":false}
