{"numFailedTestSuites":0,"numFailedTests":0,"numPassedTestSuites":1,"numPassedTests":6,"numPendingTestSuites":0,"numPendingTests":0,"numRuntimeErrorTestSuites":0,"numTodoTests":0,"numTotalTestSuites":1,"numTotalTests":6,"openHandles":[],"snapshot":{"added":0,"didUpdate":false,"failure":false,"filesAdded":0,"filesRemoved":0,"filesRemovedList":[],"filesUnmatched":0,"filesUpdated":0,"matched":0,"total":0,"unchecked":0,"uncheckedKeysByFile":[],"unmatched":0,"updated":0},"startTime":1773883600322,"success":true,"testResults":[{"assertionResults":[{"ancestorTitles":["PortfolioPage"],"duration":230,"failing":false,"failureDetails":[],"failureMessages":[],"fullName":"PortfolioPage renders initialized treasury view when active hoard is returned","invocations":1,"location":null,"numPassingAsserts":3,"retryReasons":[],"startAt":1773883602122,"status":"passed","title":"renders initialized treasury view when active hoard is returned"},{"ancestorTitles":["PortfolioPage"],"duration":33,"failing":false,"failureDetails":[],"failureMessages":[],"fullName":"PortfolioPage renders treasury initialization state when hoard is not active","invocations":1,"location":null,"numPassingAsserts":1,"retryReasons":[],"startAt":1773883602353,"status":"passed","title":"renders treasury initialization state when hoard is not active"},{"ancestorTitles":["PortfolioPage"],"duration":72,"failing":false,"failureDetails":[],"failureMessages":[],"fullName":"PortfolioPage opens CSV export endpoint from toolbar action","invocations":1,"location":null,"numPassingAsserts":1,"retryReasons":[],"startAt":1773883602387,"status":"passed","title":"opens CSV export endpoint from toolbar action"},{"ancestorTitles":["PortfolioPage"],"duration":84,"failing":false,"failureDetails":[],"failureMessages":[],"fullName":"PortfolioPage imports CSV backup and calls the import endpoint","invocations":1,"location":null,"numPassingAsserts":2,"retryReasons":[],"startAt":1773883602460,"status":"passed","title":"imports CSV backup and calls the import endpoint"},{"ancestorTitles":["PortfolioPage"],"duration":212,"failing":false,"failureDetails":[],"failureMessages":[],"fullName":"PortfolioPage shows WFA gate error when add position is blocked","invocations":1,"location":null,"numPassingAsserts":1,"retryReasons":[],"startAt":1773883602545,"status":"passed","title":"shows WFA gate error when add position is blocked"},{"ancestorTitles":["PortfolioPage"],"duration":208,"failing":false,"failureDetails":[],"failureMessages":[],"fullName":"PortfolioPage supports partial close with quantity and percentage shortcut buttons","invocations":1,"location":null,"numPassingAsserts":3,"retryReasons":[],"startAt":1773883602758,"status":"passed","title":"supports partial close with quantity and percentage shortcut buttons"}],"endTime":1773883602969,"message":"","name":"C:\\Users\\TSabr\\Horus\\Horus-Analytics-II\\frontend\\src\\app\\portfolio\\page.test.tsx","startTime":1773883601163,"status":"passed","summary":""}],"wasInterrupted":false}
