{"numFailedTestSuites":1,"numFailedTests":1,"numPassedTestSuites":0,"numPassedTests":3,"numPendingTestSuites":0,"numPendingTests":0,"numRuntimeErrorTestSuites":0,"numTodoTests":0,"numTotalTestSuites":1,"numTotalTests":4,"openHandles":[],"snapshot":{"added":0,"didUpdate":false,"failure":false,"filesAdded":0,"filesRemoved":0,"filesRemovedList":[],"filesUnmatched":0,"filesUpdated":0,"matched":0,"total":0,"unchecked":0,"uncheckedKeysByFile":[],"unmatched":0,"updated":0},"startTime":1773882989542,"success":false,"testResults":[{"assertionResults":[{"ancestorTitles":["useSidebarRuntime"],"duration":41,"failing":false,"failureDetails":[{"matcherResult":{"actual":true,"expected":false,"message":"\u001b[2mexpect(\u001b[22m\u001b[31mreceived\u001b[39m\u001b[2m).\u001b[22mtoBe\u001b[2m(\u001b[22m\u001b[32mexpected\u001b[39m\u001b[2m) // Object.is equality\u001b[22m\n\nExpected: \u001b[32mfalse\u001b[39m\nReceived: \u001b[31mtrue\u001b[39m","name":"toBe","pass":false}}],"failureMessages":["Error: \u001b[2mexpect(\u001b[22m\u001b[31mreceived\u001b[39m\u001b[2m).\u001b[22mtoBe\u001b[2m(\u001b[22m\u001b[32mexpected\u001b[39m\u001b[2m) // Object.is equality\u001b[22m\n\nExpected: \u001b[32mfalse\u001b[39m\nReceived: \u001b[31mtrue\u001b[39m\n    at Object.toBe (C:\\Users\\TSabr\\Horus\\Horus-Analytics-II\\frontend\\src\\app\\components\\hooks\\useSidebarRuntime.test.tsx:62:44)\n    at Promise.finally.completed (C:\\Users\\TSabr\\Horus\\Horus-Analytics-II\\node_modules\\jest-circus\\build\\jestAdapterInit.js:1557:28)\n    at new Promise (<anonymous>)\n    at callAsyncCircusFn (C:\\Users\\TSabr\\Horus\\Horus-Analytics-II\\node_modules\\jest-circus\\build\\jestAdapterInit.js:1497:10)\n    at _callCircusTest (C:\\Users\\TSabr\\Horus\\Horus-Analytics-II\\node_modules\\jest-circus\\build\\jestAdapterInit.js:1007:40)\n    at _runTest (C:\\Users\\TSabr\\Horus\\Horus-Analytics-II\\node_modules\\jest-circus\\build\\jestAdapterInit.js:947:3)\n    at C:\\Users\\TSabr\\Horus\\Horus-Analytics-II\\node_modules\\jest-circus\\build\\jestAdapterInit.js:849:7\n    at _runTestsForDescribeBlock (C:\\Users\\TSabr\\Horus\\Horus-Analytics-II\\node_modules\\jest-circus\\build\\jestAdapterInit.js:862:11)\n    at _runTestsForDescribeBlock (C:\\Users\\TSabr\\Horus\\Horus-Analytics-II\\node_modules\\jest-circus\\build\\jestAdapterInit.js:857:11)\n    at run (C:\\Users\\TSabr\\Horus\\Horus-Analytics-II\\node_modules\\jest-circus\\build\\jestAdapterInit.js:761:3)\n    at runAndTransformResultsToJestFormat (C:\\Users\\TSabr\\Horus\\Horus-Analytics-II\\node_modules\\jest-circus\\build\\jestAdapterInit.js:1918:21)\n    at jestAdapter (C:\\Users\\TSabr\\Horus\\Horus-Analytics-II\\node_modules\\jest-circus\\build\\runner.js:101:19)\n    at runTestInternal (C:\\Users\\TSabr\\Horus\\Horus-Analytics-II\\node_modules\\jest-runner\\build\\index.js:275:16)\n    at runTest (C:\\Users\\TSabr\\Horus\\Horus-Analytics-II\\node_modules\\jest-runner\\build\\index.js:343:7)"],"fullName":"useSidebarRuntime initializes with false collapsed state and reads from localStorage","invocations":1,"location":null,"numPassingAsserts":0,"retryReasons":[],"startAt":1773882991401,"status":"failed","title":"initializes with false collapsed state and reads from localStorage"},{"ancestorTitles":["useSidebarRuntime"],"duration":8,"failing":false,"failureDetails":[],"failureMessages":[],"fullName":"useSidebarRuntime toggles sidebar state and updates localStorage","invocations":1,"location":null,"numPassingAsserts":2,"retryReasons":[],"startAt":1773882991455,"status":"passed","title":"toggles sidebar state and updates localStorage"},{"ancestorTitles":["useSidebarRuntime"],"duration":8,"failing":false,"failureDetails":[],"failureMessages":[],"fullName":"useSidebarRuntime toggles language between en and ar","invocations":1,"location":null,"numPassingAsserts":1,"retryReasons":[],"startAt":1773882991464,"status":"passed","title":"toggles language between en and ar"},{"ancestorTitles":["useSidebarRuntime"],"duration":6,"failing":false,"failureDetails":[],"failureMessages":[],"fullName":"useSidebarRuntime passes down contexts successfully","invocations":1,"location":null,"numPassingAsserts":4,"retryReasons":[],"startAt":1773882991473,"status":"passed","title":"passes down contexts successfully"}],"endTime":1773882991515,"message":"\u001b[1m\u001b[31m  \u001b[1m● \u001b[22m\u001b[1museSidebarRuntime › initializes with false collapsed state and reads from localStorage\u001b[39m\u001b[22m\n\n    \u001b[2mexpect(\u001b[22m\u001b[31mreceived\u001b[39m\u001b[2m).\u001b[22mtoBe\u001b[2m(\u001b[22m\u001b[32mexpected\u001b[39m\u001b[2m) // Object.is equality\u001b[22m\n\n    Expected: \u001b[32mfalse\u001b[39m\n    Received: \u001b[31mtrue\u001b[39m\n\u001b[2m\u001b[22m\n\u001b[2m    \u001b[0m \u001b[90m 60 |\u001b[39m         \u001b[90m// so it initializes false on server render (initial frame), then true after mount.\u001b[39m\u001b[22m\n\u001b[2m     \u001b[90m 61 |\u001b[39m         \u001b[90m// Let's test the toggle function instead for core logic.\u001b[39m\u001b[22m\n\u001b[2m    \u001b[31m\u001b[1m>\u001b[22m\u001b[2m\u001b[39m\u001b[90m 62 |\u001b[39m         expect(result\u001b[33m.\u001b[39mcurrent\u001b[33m.\u001b[39misCollapsed)\u001b[33m.\u001b[39mtoBe(\u001b[36mfalse\u001b[39m)\u001b[33m;\u001b[39m \u001b[22m\n\u001b[2m     \u001b[90m    |\u001b[39m                                            \u001b[31m\u001b[1m^\u001b[22m\u001b[2m\u001b[39m\u001b[22m\n\u001b[2m     \u001b[90m 63 |\u001b[39m     })\u001b[33m;\u001b[39m\u001b[22m\n\u001b[2m     \u001b[90m 64 |\u001b[39m\u001b[22m\n\u001b[2m     \u001b[90m 65 |\u001b[39m     it(\u001b[32m'toggles sidebar state and updates localStorage'\u001b[39m\u001b[33m,\u001b[39m () \u001b[33m=>\u001b[39m {\u001b[0m\u001b[22m\n\u001b[2m\u001b[22m\n\u001b[2m      \u001b[2mat Object.toBe (\u001b[22m\u001b[2m\u001b[0m\u001b[36msrc/app/components/hooks/useSidebarRuntime.test.tsx\u001b[39m\u001b[0m\u001b[2m:62:44)\u001b[22m\u001b[2m\u001b[22m\n","name":"C:\\Users\\TSabr\\Horus\\Horus-Analytics-II\\frontend\\src\\app\\components\\hooks\\useSidebarRuntime.test.tsx","startTime":1773882990492,"status":"failed","summary":""}],"wasInterrupted":false}
