{"numFailedTestSuites":6,"numFailedTests":9,"numPassedTestSuites":20,"numPassedTests":144,"numPendingTestSuites":0,"numPendingTests":0,"numRuntimeErrorTestSuites":0,"numTodoTests":0,"numTotalTestSuites":26,"numTotalTests":153,"openHandles":[],"snapshot":{"added":0,"didUpdate":false,"failure":false,"filesAdded":0,"filesRemoved":0,"filesRemovedList":[],"filesUnmatched":0,"filesUpdated":0,"matched":0,"total":0,"unchecked":0,"uncheckedKeysByFile":[],"unmatched":0,"updated":0},"startTime":1772417509531,"success":false,"testResults":[{"assertionResults":[{"ancestorTitles":["Home dashboard view"],"duration":148,"failing":false,"failureDetails":[],"failureMessages":[],"fullName":"Home dashboard view calls refreshDashboard with active portfolio id on mount","invocations":1,"location":null,"numPassingAsserts":1,"retryReasons":[],"startAt":1772417512180,"status":"passed","title":"calls refreshDashboard with active portfolio id on mount"},{"ancestorTitles":["Home dashboard view"],"duration":53,"failing":false,"failureDetails":[],"failureMessages":[],"fullName":"Home dashboard view shows Live Ingestions badge when data source is LIVE","invocations":1,"location":null,"numPassingAsserts":1,"retryReasons":[],"startAt":1772417512329,"status":"passed","title":"shows Live Ingestions badge when data source is LIVE"},{"ancestorTitles":["Home dashboard view"],"duration":45,"failing":false,"failureDetails":[],"failureMessages":[],"fullName":"Home dashboard view shows Snapshot Mode badge when data source is FALLBACK","invocations":1,"location":null,"numPassingAsserts":1,"retryReasons":[],"startAt":1772417512382,"status":"passed","title":"shows Snapshot Mode badge when data source is FALLBACK"},{"ancestorTitles":["Home dashboard view"],"duration":26,"failing":false,"failureDetails":[],"failureMessages":[],"fullName":"Home dashboard view shows loading empty state while source is loading","invocations":1,"location":null,"numPassingAsserts":1,"retryReasons":[],"startAt":1772417512427,"status":"passed","title":"shows loading empty state while source is loading"},{"ancestorTitles":["Home dashboard view"],"duration":24,"failing":false,"failureDetails":[],"failureMessages":[],"fullName":"Home dashboard view shows no data empty state when not loading and no metrics","invocations":1,"location":null,"numPassingAsserts":1,"retryReasons":[],"startAt":1772417512453,"status":"passed","title":"shows no data empty state when not loading and no metrics"},{"ancestorTitles":["Home dashboard view"],"duration":49,"failing":false,"failureDetails":[],"failureMessages":[],"fullName":"Home dashboard view renders metric cards when metrics are available","invocations":1,"location":null,"numPassingAsserts":4,"retryReasons":[],"startAt":1772417512477,"status":"passed","title":"renders metric cards when metrics are available"},{"ancestorTitles":["Home dashboard view"],"duration":29,"failing":false,"failureDetails":[],"failureMessages":[],"fullName":"Home dashboard view renders signal feed when signals are present","invocations":1,"location":null,"numPassingAsserts":2,"retryReasons":[],"startAt":1772417512526,"status":"passed","title":"renders signal feed when signals are present"},{"ancestorTitles":["Home dashboard view"],"duration":17,"failing":false,"failureDetails":[],"failureMessages":[],"fullName":"Home dashboard view shows error banner when dashboard has an error","invocations":1,"location":null,"numPassingAsserts":1,"retryReasons":[],"startAt":1772417512556,"status":"passed","title":"shows error banner when dashboard has an error"}],"endTime":1772417512576,"message":"","name":"C:\\Users\\TSabr\\Horus\\Horus-Analytics-II\\frontend\\src\\app\\page.test.tsx","startTime":1772417511098,"status":"passed","summary":""},{"assertionResults":[{"ancestorTitles":["NewsPage"],"duration":113,"failing":false,"failureDetails":[],"failureMessages":[],"fullName":"NewsPage renders bifrost score, regime, and bull/bear counts","invocations":1,"location":null,"numPassingAsserts":7,"retryReasons":[],"startAt":1772417512169,"status":"passed","title":"renders bifrost score, regime, and bull/bear counts"},{"ancestorTitles":["NewsPage"],"duration":54,"failing":false,"failureDetails":[],"failureMessages":[],"fullName":"NewsPage falls back to neutral regime when sentiment is null","invocations":1,"location":null,"numPassingAsserts":2,"retryReasons":[],"startAt":1772417512283,"status":"passed","title":"falls back to neutral regime when sentiment is null"},{"ancestorTitles":["NewsPage"],"duration":34,"failing":false,"failureDetails":[],"failureMessages":[],"fullName":"NewsPage renders news cards with source, title, summary, and tickers","invocations":1,"location":null,"numPassingAsserts":5,"retryReasons":[],"startAt":1772417512337,"status":"passed","title":"renders news cards with source, title, summary, and tickers"},{"ancestorTitles":["NewsPage"],"duration":30,"failing":false,"failureDetails":[],"failureMessages":[],"fullName":"NewsPage shows \"Market Wide\" for news items with no tickers","invocations":1,"location":null,"numPassingAsserts":1,"retryReasons":[],"startAt":1772417512371,"status":"passed","title":"shows \"Market Wide\" for news items with no tickers"},{"ancestorTitles":["NewsPage"],"duration":136,"failing":false,"failureDetails":[],"failureMessages":[],"fullName":"NewsPage renders external links for each news card","invocations":1,"location":null,"numPassingAsserts":3,"retryReasons":[],"startAt":1772417512401,"status":"passed","title":"renders external links for each news card"},{"ancestorTitles":["NewsPage"],"duration":27,"failing":false,"failureDetails":[],"failureMessages":[],"fullName":"NewsPage calls refreshNews when header button is clicked","invocations":1,"location":null,"numPassingAsserts":2,"retryReasons":[],"startAt":1772417512537,"status":"passed","title":"calls refreshNews when header button is clicked"},{"ancestorTitles":["NewsPage"],"duration":18,"failing":false,"failureDetails":[],"failureMessages":[],"fullName":"NewsPage disables refresh button during loading","invocations":1,"location":null,"numPassingAsserts":1,"retryReasons":[],"startAt":1772417512565,"status":"passed","title":"disables refresh button during loading"}],"endTime":1772417512585,"message":"","name":"C:\\Users\\TSabr\\Horus\\Horus-Analytics-II\\frontend\\src\\app\\news\\page.test.tsx","startTime":1772417511190,"status":"passed","summary":""},{"assertionResults":[{"ancestorTitles":["StrategyPage"],"duration":102,"failing":false,"failureDetails":[],"failureMessages":[],"fullName":"StrategyPage renders regime, volatility, reasoning, and proposed changes","invocations":1,"location":null,"numPassingAsserts":8,"retryReasons":[],"startAt":1772417512157,"status":"passed","title":"renders regime, volatility, reasoning, and proposed changes"},{"ancestorTitles":["StrategyPage"],"duration":21,"failing":false,"failureDetails":[],"failureMessages":[],"fullName":"StrategyPage shows \"Apply Strategy Changes\" button when changes exist","invocations":1,"location":null,"numPassingAsserts":1,"retryReasons":[],"startAt":1772417512260,"status":"passed","title":"shows \"Apply Strategy Changes\" button when changes exist"},{"ancestorTitles":["StrategyPage"],"duration":27,"failing":false,"failureDetails":[],"failureMessages":[],"fullName":"StrategyPage shows \"System is already optimized\" when no changes are flagged","invocations":1,"location":null,"numPassingAsserts":1,"retryReasons":[],"startAt":1772417512281,"status":"passed","title":"shows \"System is already optimized\" when no changes are flagged"},{"ancestorTitles":["StrategyPage"],"duration":146,"failing":false,"failureDetails":[],"failureMessages":[],"fullName":"StrategyPage toggles between AI Mode and Manual Mode","invocations":1,"location":null,"numPassingAsserts":3,"retryReasons":[],"startAt":1772417512308,"status":"passed","title":"toggles between AI Mode and Manual Mode"},{"ancestorTitles":["StrategyPage"],"duration":119,"failing":false,"failureDetails":[],"failureMessages":[],"fullName":"StrategyPage applies manual overrides and shows success toast","invocations":1,"location":null,"numPassingAsserts":2,"retryReasons":[],"startAt":1772417512454,"status":"passed","title":"applies manual overrides and shows success toast"},{"ancestorTitles":["StrategyPage"],"duration":66,"failing":false,"failureDetails":[],"failureMessages":[],"fullName":"StrategyPage applies AI proposal and shows success toast","invocations":1,"location":null,"numPassingAsserts":1,"retryReasons":[],"startAt":1772417512573,"status":"passed","title":"applies AI proposal and shows success toast"},{"ancestorTitles":["StrategyPage"],"duration":98,"failing":false,"failureDetails":[],"failureMessages":[],"fullName":"StrategyPage shows error toast when API returns failure","invocations":1,"location":null,"numPassingAsserts":1,"retryReasons":[],"startAt":1772417512639,"status":"passed","title":"shows error toast when API returns failure"},{"ancestorTitles":["StrategyPage"],"duration":63,"failing":false,"failureDetails":[],"failureMessages":[],"fullName":"StrategyPage shows network error toast when fetch throws","invocations":1,"location":null,"numPassingAsserts":1,"retryReasons":[],"startAt":1772417512737,"status":"passed","title":"shows network error toast when fetch throws"},{"ancestorTitles":["StrategyPage"],"duration":38,"failing":false,"failureDetails":[],"failureMessages":[],"fullName":"StrategyPage triggers strategy refresh from header action","invocations":1,"location":null,"numPassingAsserts":2,"retryReasons":[],"startAt":1772417512801,"status":"passed","title":"triggers strategy refresh from header action"}],"endTime":1772417512841,"message":"","name":"C:\\Users\\TSabr\\Horus\\Horus-Analytics-II\\frontend\\src\\app\\strategy\\page.test.tsx","startTime":1772417511181,"status":"passed","summary":""},{"assertionResults":[{"ancestorTitles":["AuditPage"],"duration":182,"failing":false,"failureDetails":[],"failureMessages":[],"fullName":"AuditPage loads audit data and renders strategy cards + logs","invocations":1,"location":null,"numPassingAsserts":6,"retryReasons":[],"startAt":1772417512140,"status":"passed","title":"loads audit data and renders strategy cards + logs"},{"ancestorTitles":["AuditPage"],"duration":126,"failing":false,"failureDetails":[],"failureMessages":[],"fullName":"AuditPage filters logs by selected strategy","invocations":1,"location":null,"numPassingAsserts":2,"retryReasons":[],"startAt":1772417512323,"status":"passed","title":"filters logs by selected strategy"},{"ancestorTitles":["AuditPage"],"duration":67,"failing":false,"failureDetails":[],"failureMessages":[],"fullName":"AuditPage shows profit badge for positive 5D return and loss badge for negative","invocations":1,"location":null,"numPassingAsserts":2,"retryReasons":[],"startAt":1772417512449,"status":"passed","title":"shows profit badge for positive 5D return and loss badge for negative"},{"ancestorTitles":["AuditPage"],"duration":85,"failing":false,"failureDetails":[],"failureMessages":[],"fullName":"AuditPage shows Traded badge for converted and Ignored for non-converted","invocations":1,"location":null,"numPassingAsserts":2,"retryReasons":[],"startAt":1772417512517,"status":"passed","title":"shows Traded badge for converted and Ignored for non-converted"},{"ancestorTitles":["AuditPage"],"duration":84,"failing":false,"failureDetails":[],"failureMessages":[],"fullName":"AuditPage renders global precision and strategy health radar","invocations":1,"location":null,"numPassingAsserts":3,"retryReasons":[],"startAt":1772417512602,"status":"passed","title":"renders global precision and strategy health radar"},{"ancestorTitles":["AuditPage"],"duration":197,"failing":false,"failureDetails":[],"failureMessages":[],"fullName":"AuditPage switches day filters and re-fetches data","invocations":1,"location":null,"numPassingAsserts":2,"retryReasons":[],"startAt":1772417512687,"status":"passed","title":"switches day filters and re-fetches data"},{"ancestorTitles":["AuditPage"],"duration":25,"failing":false,"failureDetails":[],"failureMessages":[],"fullName":"AuditPage shows loading state on initial load","invocations":1,"location":null,"numPassingAsserts":1,"retryReasons":[],"startAt":1772417512884,"status":"passed","title":"shows loading state on initial load"}],"endTime":1772417512921,"message":"","name":"C:\\Users\\TSabr\\Horus\\Horus-Analytics-II\\frontend\\src\\app\\audit\\page.test.tsx","startTime":1772417511100,"status":"passed","summary":""},{"assertionResults":[{"ancestorTitles":["AnalyticsPage"],"duration":369,"failing":false,"failureDetails":[],"failureMessages":[],"fullName":"AnalyticsPage loads analytics rows on mount","invocations":1,"location":null,"numPassingAsserts":3,"retryReasons":[],"startAt":1772417512232,"status":"passed","title":"loads analytics rows on mount"},{"ancestorTitles":["AnalyticsPage"],"duration":207,"failing":false,"failureDetails":[],"failureMessages":[],"fullName":"AnalyticsPage search overrides score filter","invocations":1,"location":null,"numPassingAsserts":6,"retryReasons":[],"startAt":1772417512602,"status":"passed","title":"search overrides score filter"},{"ancestorTitles":["AnalyticsPage"],"duration":170,"failing":false,"failureDetails":[],"failureMessages":[],"fullName":"AnalyticsPage sorts by score descending when score header is clicked twice","invocations":1,"location":null,"numPassingAsserts":4,"retryReasons":[],"startAt":1772417512809,"status":"passed","title":"sorts by score descending when score header is clicked twice"}],"endTime":1772417512981,"message":"","name":"C:\\Users\\TSabr\\Horus\\Horus-Analytics-II\\frontend\\src\\app\\analytics\\page.test.tsx","startTime":1772417511226,"status":"passed","summary":""},{"assertionResults":[{"ancestorTitles":["LiveMonitorPage"],"duration":242,"failing":false,"failureDetails":[],"failureMessages":[],"fullName":"LiveMonitorPage hydrates metadata and renders intraday KPI values","invocations":1,"location":null,"numPassingAsserts":2,"retryReasons":[],"startAt":1772417512153,"status":"passed","title":"hydrates metadata and renders intraday KPI values"},{"ancestorTitles":["LiveMonitorPage"],"duration":201,"failing":false,"failureDetails":[],"failureMessages":[],"fullName":"LiveMonitorPage shows market-closed error when live feed start is blocked","invocations":1,"location":null,"numPassingAsserts":2,"retryReasons":[],"startAt":1772417512396,"status":"passed","title":"shows market-closed error when live feed start is blocked"},{"ancestorTitles":["LiveMonitorPage"],"duration":107,"failing":false,"failureDetails":[],"failureMessages":[],"fullName":"LiveMonitorPage renders radar cards from analytics payload","invocations":1,"location":null,"numPassingAsserts":2,"retryReasons":[],"startAt":1772417512597,"status":"passed","title":"renders radar cards from analytics payload"},{"ancestorTitles":["LiveMonitorPage"],"duration":277,"failing":false,"failureDetails":[],"failureMessages":[],"fullName":"LiveMonitorPage switches control from Start Feed to Stop Feed after successful start","invocations":1,"location":null,"numPassingAsserts":1,"retryReasons":[],"startAt":1772417512705,"status":"passed","title":"switches control from Start Feed to Stop Feed after successful start"}],"endTime":1772417512985,"message":"","name":"C:\\Users\\TSabr\\Horus\\Horus-Analytics-II\\frontend\\src\\app\\live\\page.test.tsx","startTime":1772417511140,"status":"passed","summary":""},{"assertionResults":[{"ancestorTitles":["SimulationPage"],"duration":222,"failing":false,"failureDetails":[{"name":"TestingLibraryElementError"}],"failureMessages":["TestingLibraryElementError: Found multiple elements with the text: /Simulation/i\n\nHere are the matching elements:\n\nIgnored nodes: comments, script, style\n\u001b[36m<h1\u001b[39m\n  \u001b[33mclass\u001b[39m=\u001b[32m\"text-3xl font-bold bg-clip-text text-transparent bg-gradient-to-r from-red-500 to-orange-500\"\u001b[39m\n\u001b[36m>\u001b[39m\n  \u001b[0mMonte Carlo Simulation\u001b[0m\n\u001b[36m</h1>\u001b[39m\n\nIgnored nodes: comments, script, style\n\u001b[36m<label\u001b[39m\n  \u001b[33mclass\u001b[39m=\u001b[32m\"block text-sm font-medium text-gray-400 mb-2\"\u001b[39m\n\u001b[36m>\u001b[39m\n  \u001b[0mSimulation Start Date\u001b[0m\n\u001b[36m</label>\u001b[39m\n\n(If this is intentional, then use the `*AllBy*` variant of the query (like `queryAllByText`, `getAllByText`, or `findAllByText`)).\n\nIgnored nodes: comments, script, style\n\u001b[36m<body>\u001b[39m\n  \u001b[36m<div>\u001b[39m\n    \u001b[36m<div\u001b[39m\n      \u001b[33mclass\u001b[39m=\u001b[32m\"page-shell\"\u001b[39m\n    \u001b[36m>\u001b[39m\n      \u001b[36m<div\u001b[39m\n        \u001b[33mclass\u001b[39m=\u001b[32m\"flex items-center gap-6 group cursor-default transition-all\"\u001b[39m\n      \u001b[36m>\u001b[39m\n        \u001b[36m<svg\u001b[39m\n          \u001b[33maria-hidden\u001b[39m=\u001b[32m\"true\"\u001b[39m\n          \u001b[33mclass\u001b[39m=\u001b[32m\"lucide lucide-skull w-12 h-12 text-red-500 drop-shadow-[0_0_15px_rgba(239,68,68,0.3)] group-hover:scale-110 transition-transform\"\u001b[39m\n          \u001b[33mfill\u001b[39m=\u001b[32m\"none\"\u001b[39m\n          \u001b[33mheight\u001b[39m=\u001b[32m\"24\"\u001b[39m\n          \u001b[33mstroke\u001b[39m=\u001b[32m\"currentColor\"\u001b[39m\n          \u001b[33mstroke-linecap\u001b[39m=\u001b[32m\"round\"\u001b[39m\n          \u001b[33mstroke-linejoin\u001b[39m=\u001b[32m\"round\"\u001b[39m\n          \u001b[33mstroke-width\u001b[39m=\u001b[32m\"2\"\u001b[39m\n          \u001b[33mviewBox\u001b[39m=\u001b[32m\"0 0 24 24\"\u001b[39m\n          \u001b[33mwidth\u001b[39m=\u001b[32m\"24\"\u001b[39m\n          \u001b[33mxmlns\u001b[39m=\u001b[32m\"http://www.w3.org/2000/svg\"\u001b[39m\n        \u001b[36m>\u001b[39m\n          \u001b[36m<path\u001b[39m\n            \u001b[33md\u001b[39m=\u001b[32m\"m12.5 17-.5-1-.5 1h1z\"\u001b[39m\n          \u001b[36m/>\u001b[39m\n          \u001b[36m<path\u001b[39m\n            \u001b[33md\u001b[39m=\u001b[32m\"M15 22a1 1 0 0 0 1-1v-1a2 2 0 0 0 1.56-3.25 8 8 0 1 0-11.12 0A2 2 0 0 0 8 20v1a1 1 0 0 0 1 1z\"\u001b[39m\n          \u001b[36m/>\u001b[39m\n          \u001b[36m<circle\u001b[39m\n            \u001b[33mcx\u001b[39m=\u001b[32m\"15\"\u001b[39m\n            \u001b[33mcy\u001b[39m=\u001b[32m\"12\"\u001b[39m\n            \u001b[33mr\u001b[39m=\u001b[32m\"1\"\u001b[39m\n          \u001b[36m/>\u001b[39m\n          \u001b[36m<circle\u001b[39m\n            \u001b[33mcx\u001b[39m=\u001b[32m\"9\"\u001b[39m\n            \u001b[33mcy\u001b[39m=\u001b[32m\"12\"\u001b[39m\n            \u001b[33mr\u001b[39m=\u001b[32m\"1\"\u001b[39m\n          \u001b[36m/>\u001b[39m\n        \u001b[36m</svg>\u001b[39m\n        \u001b[36m<div>\u001b[39m\n          \u001b[36m<h1\u001b[39m\n            \u001b[33mclass\u001b[39m=\u001b[32m\"text-3xl font-bold bg-clip-text text-transparent bg-gradient-to-r from-red-500 to-orange-500\"\u001b[39m\n          \u001b[36m>\u001b[39m\n            \u001b[0mMonte Carlo Simulation\u001b[0m\n          \u001b[36m</h1>\u001b[39m\n          \u001b[36m<p\u001b[39m\n            \u001b[33mclass\u001b[39m=\u001b[32m\"text-gray-400 text-sm\"\u001b[39m\n          \u001b[36m>\u001b[39m\n            \u001b[0mHistorical Crash & Ruin Probability Simulator\u001b[0m\n          \u001b[36m</p>\u001b[39m\n        \u001b[36m</div>\u001b[39m\n      \u001b[36m</div>\u001b[39m\n      \u001b[36m<div\u001b[39m\n        \u001b[33mclass\u001b[39m=\u001b[32m\"bg-[#111827] border border-gray-800 rounded-xl p-2 inline-flex w-fit\"\u001b[39m\n      \u001b[36m>\u001b[39m\n        \u001b[36m<button\u001b[39m\n          \u001b[33mclass\u001b[39m=\u001b[32m\"px-5 py-2 rounded-lg text-xs font-bold uppercase tracking-wider transition bg-red-600 text-white shadow-[0_0_18px_rgba(220,38,38,0.25)]\"\u001b[39m\n        \u001b[36m>\u001b[39m\n          \u001b[0mCrash Simulator\u001b[0m\n        \u001b[36m</button>\u001b[39m\n        \u001b[36m<button\u001b[39m\n          \u001b[33mclass\u001b[39m=\u001b[32m\"px-5 py-2 rounded-lg text-xs font-bold uppercase tracking-wider transition text-gray-400 hover:text-white hover:bg-gray-800\"\u001b[39m\n        \u001b[36m>\u001b[39m\n          \u001b[0mPortfolio Risk (Monte Carlo)\u001b[0m\n        \u001b[36m</button>\u001b[39m\n      \u001b[36m</div>\u001b[39m\n      \u001b[36m<div\u001b[39m\n        \u001b[33mclass\u001b[39m=\u001b[32m\"bg-[#111827] border border-gray-800 rounded-xl p-6 flex flex-col md:flex-row items-center gap-6\"\u001b[39m\n      \u001b[36m>\u001b[39m\n        \u001b[36m<div\u001b[39m\n          \u001b[33mclass\u001b[39m=\u001b[32m\"flex-1\"\u001b[39m\n        \u001b[36m>\u001b[39m\n          \u001b[36m<label\u001b[39m\n            \u001b[33mclass\u001b[39m=\u001b[32m\"block text-sm font-medium text-gray-400 mb-2\"\u001b[39m\n          \u001b[36m>\u001b[39m\n            \u001b[0mTarget Index\u001b[0m\n          \u001b[36m</label>\u001b[39m\n          \u001b[36m<div\u001b[39m\n            \u001b[33mclass\u001b[39m=\u001b[32m\"flex space-x-2\"\u001b[39m\n          \u001b[36m>\u001b[39m\n            \u001b[36m<button\u001b[39m\n              \u001b[33mclass\u001b[39m=\u001b[32m\"px-4 py-2 rounded-lg text-sm font-bold transition bg-red-500/20 text-red-400 border border-red-500/50\"\u001b[39m\n            \u001b[36m>\u001b[39m\n              \u001b[0mEGX30\u001b[0m\n            \u001b[36m</button>\u001b[39m\n            \u001b[36m<button\u001b[39m\n              \u001b[33mclass\u001b[39m=\u001b[32m\"px-4 py-2 rounded-lg text-sm font-bold transition bg-gray-800 text-gray-400 hover:bg-gray-700\"\u001b[39m\n            \u001b[36m>\u001b[39m\n              \u001b[0mEGX70\u001b[0m\n            \u001b[36m</button>\u001b[39m\n            \u001b[36m<button\u001b[39m\n              \u001b[33mclass\u001b[39m=\u001b[32m\"px-4 py-2 rounded-lg text-sm font-bold transition bg-gray-800 text-gray-400 hover:bg-gray-700\"\u001b[39m\n            \u001b[36m>\u001b[39m\n              \u001b[0mFINANCIALS\u001b[0m\n            \u001b[36m</button>\u001b[39m\n          \u001b[36m</div>\u001b[39m\n        \u001b[36m</div>\u001b[39m\n        \u001b[36m<div\u001b[39m\n          \u001b[33mclass\u001b[39m=\u001b[32m\"flex-1\"\u001b[39m\n        \u001b[36m>\u001b[39m\n          \u001b[36m<label\u001b[39m\n            \u001b[33mclass\u001b[39m=\u001b[32m\"block text-sm font-medium text-gray-400 mb-2\"\u001b[39m\n          \u001b[36m>\u001b[39m\n            \u001b[0mSimulation Start Date\u001b[0m\n          \u001b[36m</label>\u001b[39m\n          \u001b[36m<input\u001b[39m\n            \u001b[33mclass\u001b[39m=\u001b[32m\"w-full bg-slate-900 border border-gray-700 rounded-lg px-4 py-2 text-white focus:outline-none focus:ring-2 focus:ring-red-500/50\"\u001b[39m\n            \u001b[33mtype\u001b[39m=\u001b[32m\"date\"\u001b[39m\n            \u001b[33mvalue\u001b[39m=\u001b[32m\"\"\u001b[39m\n          \u001b[36m/>\u001b[39m\n        \u001b[36m</div>\u001b[39m\n        \u001b[36m<div\u001b[39m\n          \u001b[33mclass\u001b[39m=\u001b[32m\"flex-1\"\u001b[39m\n        \u001b[36m>\u001b[39m\n          \u001b[36m<label\u001b[39m\n            \u001b[33mclass\u001b[39m=\u001b[32m\"block text-sm font-medium text-gray-400 mb-2\"\u001b[39m\n          \u001b[36m>\u001b[39m\n            \u001b[0mInitial Capital (EGP)\u001b[0m\n          \u001b[36m</label>\u001b[39m\n          \u001b[36m<input\u001b[39m\n            \u001b[33mclass\u001b[39m=\u001b[32m\"w-full bg-slate-900 border border-gray-700 rounded-lg px-4 py-2 text-white font-mono focus:outline-none focus:ring-2 focus:ring-red-500/50\"\u001b[39m\n            \u001b[33mtype\u001b[39m=\u001b[32m\"number\"\u001b[39m\n            \u001b[33mvalue\u001b[39m=\u001b[32m\"1000000\"\u001b[39m\n          \u001b[36m/>\u001b[39m\n        \u001b[36m</div>\u001b[39m\n        \u001b[36m<button\u001b[39m\n          \u001b[33mclass\u001b[39m=\u001b[32m\"w-full md:w-auto px-8 py-3 bg-red-600 hover:bg-red-700 text-white font-bold rounded-lg transition flex items-center justify-center disabled:opacity-50 shadow-[0_0_20px_rgba(220,38,38,0.3)]\"\u001b[39m\n        \u001b[36m>\u001b[39m\n          \u001b[36m<svg\u001b[39m\n            \u001b[33maria-hidden\u001b[39m=\u001b[32m\"true\"\u001b[39m\n            \u001b[33mclass\u001b[39m=\u001b[32m\"lucide lucide-zap w-5 h-5 mr-2\"\u001b[39m\n            \u001b[33mfill\u001b[39m=\u001b[32m\"none\"\u001b[39m\n            \u001b[33mheight\u001b[39m=\u001b[32m\"24\"\u001b[39m\n            \u001b[33mstroke\u001b[39m=\u001b[32m\"currentColor\"\u001b[39m\n            \u001b[33mstroke-linecap\u001b[39m=\u001b[32m\"round\"\u001b[39m\n            \u001b[33mstroke-linejoin\u001b[39m=\u001b[32m\"round\"\u001b[39m\n            \u001b[33mstroke-width\u001b[39m=\u001b[32m\"2\"\u001b[39m\n            \u001b[33mviewBox\u001b[39m=\u001b[32m\"0 0 24 24\"\u001b[39m\n            \u001b[33mwidth\u001b[39m=\u001b[32m\"24\"\u001b[39m\n            \u001b[33mxmlns\u001b[39m=\u001b[32m\"http://www.w3.org/2000/svg\"\u001b[39m\n          \u001b[36m>\u001b[39m\n            \u001b[36m<path\u001b[39m\n              \u001b[33md\u001b[39m=\u001b[32m\"M4 14a1 1 0 0 1-.78-1.63l9.9-10.2a.5.5 0 0 1 .86.46l-1.92 6.02A1 1 0 0 0 13 10h7a1 1 0 0 1 .78 1.63l-9.9 10.2a.5.5 0 0 1-.86-.46l1.92-6.02A1 1 0 0 0 11 14z\"\u001b[39m\n            \u001b[36m/>\u001b[39m\n          \u001b[36m</svg>\u001b[39m\n          \u001b[0mSIMULATE CRASH\u001b[0m\n        \u001b[36m</button>\u001b[39m\n      \u001b[36m</div>\u001b[39m\n    \u001b[36m</div>\u001b[39m\n  \u001b[36m</div>\u001b[39m\n\u001b[36m</body>\u001b[39m\n    at Object.getElementError (C:\\Users\\TSabr\\Horus\\Horus-Analytics-II\\node_modules\\@testing-library\\dom\\dist\\config.js:37:19)\n    at getElementError (C:\\Users\\TSabr\\Horus\\Horus-Analytics-II\\node_modules\\@testing-library\\dom\\dist\\query-helpers.js:20:35)\n    at getMultipleElementsFoundError (C:\\Users\\TSabr\\Horus\\Horus-Analytics-II\\node_modules\\@testing-library\\dom\\dist\\query-helpers.js:23:10)\n    at C:\\Users\\TSabr\\Horus\\Horus-Analytics-II\\node_modules\\@testing-library\\dom\\dist\\query-helpers.js:55:13\n    at C:\\Users\\TSabr\\Horus\\Horus-Analytics-II\\node_modules\\@testing-library\\dom\\dist\\query-helpers.js:95:19\n    at Object.getByText (C:\\Users\\TSabr\\Horus\\Horus-Analytics-II\\frontend\\src\\app\\simulation\\page.test.tsx:28:23)\n    at Promise.finally.completed (C:\\Users\\TSabr\\Horus\\Horus-Analytics-II\\node_modules\\jest-circus\\build\\jestAdapterInit.js:1557:28)\n    at new Promise (<anonymous>)\n    at callAsyncCircusFn (C:\\Users\\TSabr\\Horus\\Horus-Analytics-II\\node_modules\\jest-circus\\build\\jestAdapterInit.js:1497:10)\n    at _callCircusTest (C:\\Users\\TSabr\\Horus\\Horus-Analytics-II\\node_modules\\jest-circus\\build\\jestAdapterInit.js:1007:40)\n    at processTicksAndRejections (node:internal/process/task_queues:103:5)\n    at _runTest (C:\\Users\\TSabr\\Horus\\Horus-Analytics-II\\node_modules\\jest-circus\\build\\jestAdapterInit.js:947:3)\n    at C:\\Users\\TSabr\\Horus\\Horus-Analytics-II\\node_modules\\jest-circus\\build\\jestAdapterInit.js:849:7\n    at _runTestsForDescribeBlock (C:\\Users\\TSabr\\Horus\\Horus-Analytics-II\\node_modules\\jest-circus\\build\\jestAdapterInit.js:862:11)\n    at _runTestsForDescribeBlock (C:\\Users\\TSabr\\Horus\\Horus-Analytics-II\\node_modules\\jest-circus\\build\\jestAdapterInit.js:857:11)\n    at run (C:\\Users\\TSabr\\Horus\\Horus-Analytics-II\\node_modules\\jest-circus\\build\\jestAdapterInit.js:761:3)\n    at runAndTransformResultsToJestFormat (C:\\Users\\TSabr\\Horus\\Horus-Analytics-II\\node_modules\\jest-circus\\build\\jestAdapterInit.js:1918:21)\n    at jestAdapter (C:\\Users\\TSabr\\Horus\\Horus-Analytics-II\\node_modules\\jest-circus\\build\\runner.js:101:19)\n    at runTestInternal (C:\\Users\\TSabr\\Horus\\Horus-Analytics-II\\node_modules\\jest-runner\\build\\testWorker.js:275:16)\n    at runTest (C:\\Users\\TSabr\\Horus\\Horus-Analytics-II\\node_modules\\jest-runner\\build\\testWorker.js:343:7)\n    at Object.worker (C:\\Users\\TSabr\\Horus\\Horus-Analytics-II\\node_modules\\jest-runner\\build\\testWorker.js:497:12)"],"fullName":"SimulationPage renders page header and both tab buttons","invocations":1,"location":null,"numPassingAsserts":1,"retryReasons":[],"startAt":1772417512134,"status":"failed","title":"renders page header and both tab buttons"},{"ancestorTitles":["SimulationPage"],"duration":128,"failing":false,"failureDetails":[],"failureMessages":[],"fullName":"SimulationPage runs crash simulation and renders scenario results","invocations":1,"location":null,"numPassingAsserts":4,"retryReasons":[],"startAt":1772417512369,"status":"passed","title":"runs crash simulation and renders scenario results"},{"ancestorTitles":["SimulationPage"],"duration":73,"failing":false,"failureDetails":[],"failureMessages":[],"fullName":"SimulationPage shows market impact percentage in crash results","invocations":1,"location":null,"numPassingAsserts":2,"retryReasons":[],"startAt":1772417512497,"status":"passed","title":"shows market impact percentage in crash results"},{"ancestorTitles":["SimulationPage"],"duration":192,"failing":false,"failureDetails":[],"failureMessages":[],"fullName":"SimulationPage runs ragnarok simulation and renders result cards","invocations":1,"location":null,"numPassingAsserts":6,"retryReasons":[],"startAt":1772417512570,"status":"passed","title":"runs ragnarok simulation and renders result cards"},{"ancestorTitles":["SimulationPage"],"duration":66,"failing":false,"failureDetails":[],"failureMessages":[],"fullName":"SimulationPage shows ragnarok error banner when backend returns failure","invocations":1,"location":null,"numPassingAsserts":1,"retryReasons":[],"startAt":1772417512763,"status":"passed","title":"shows ragnarok error banner when backend returns failure"},{"ancestorTitles":["SimulationPage"],"duration":118,"failing":false,"failureDetails":[],"failureMessages":[],"fullName":"SimulationPage shows ragnarok error banner on network failure","invocations":1,"location":null,"numPassingAsserts":1,"retryReasons":[],"startAt":1772417512830,"status":"passed","title":"shows ragnarok error banner on network failure"},{"ancestorTitles":["SimulationPage"],"duration":26,"failing":false,"failureDetails":[],"failureMessages":[],"fullName":"SimulationPage selects different index for crash simulator","invocations":1,"location":null,"numPassingAsserts":1,"retryReasons":[],"startAt":1772417512948,"status":"passed","title":"selects different index for crash simulator"}],"endTime":1772417513014,"message":"  ● SimulationPage › renders page header and both tab buttons\n\n    TestingLibraryElementError: Found multiple elements with the text: /Simulation/i\n\n    Here are the matching elements:\n\n    Ignored nodes: comments, script, style\n    \u001b[36m<h1\u001b[39m\n      \u001b[33mclass\u001b[39m=\u001b[32m\"text-3xl font-bold bg-clip-text text-transparent bg-gradient-to-r from-red-500 to-orange-500\"\u001b[39m\n    \u001b[36m>\u001b[39m\n      \u001b[0mMonte Carlo Simulation\u001b[0m\n    \u001b[36m</h1>\u001b[39m\n\n    Ignored nodes: comments, script, style\n    \u001b[36m<label\u001b[39m\n      \u001b[33mclass\u001b[39m=\u001b[32m\"block text-sm font-medium text-gray-400 mb-2\"\u001b[39m\n    \u001b[36m>\u001b[39m\n      \u001b[0mSimulation Start Date\u001b[0m\n    \u001b[36m</label>\u001b[39m\n\n    (If this is intentional, then use the `*AllBy*` variant of the query (like `queryAllByText`, `getAllByText`, or `findAllByText`)).\n\n    Ignored nodes: comments, script, style\n    \u001b[36m<body>\u001b[39m\n      \u001b[36m<div>\u001b[39m\n        \u001b[36m<div\u001b[39m\n          \u001b[33mclass\u001b[39m=\u001b[32m\"page-shell\"\u001b[39m\n        \u001b[36m>\u001b[39m\n          \u001b[36m<div\u001b[39m\n            \u001b[33mclass\u001b[39m=\u001b[32m\"flex items-center gap-6 group cursor-default transition-all\"\u001b[39m\n          \u001b[36m>\u001b[39m\n            \u001b[36m<svg\u001b[39m\n              \u001b[33maria-hidden\u001b[39m=\u001b[32m\"true\"\u001b[39m\n              \u001b[33mclass\u001b[39m=\u001b[32m\"lucide lucide-skull w-12 h-12 text-red-500 drop-shadow-[0_0_15px_rgba(239,68,68,0.3)] group-hover:scale-110 transition-transform\"\u001b[39m\n              \u001b[33mfill\u001b[39m=\u001b[32m\"none\"\u001b[39m\n              \u001b[33mheight\u001b[39m=\u001b[32m\"24\"\u001b[39m\n              \u001b[33mstroke\u001b[39m=\u001b[32m\"currentColor\"\u001b[39m\n              \u001b[33mstroke-linecap\u001b[39m=\u001b[32m\"round\"\u001b[39m\n              \u001b[33mstroke-linejoin\u001b[39m=\u001b[32m\"round\"\u001b[39m\n              \u001b[33mstroke-width\u001b[39m=\u001b[32m\"2\"\u001b[39m\n              \u001b[33mviewBox\u001b[39m=\u001b[32m\"0 0 24 24\"\u001b[39m\n              \u001b[33mwidth\u001b[39m=\u001b[32m\"24\"\u001b[39m\n              \u001b[33mxmlns\u001b[39m=\u001b[32m\"http://www.w3.org/2000/svg\"\u001b[39m\n            \u001b[36m>\u001b[39m\n              \u001b[36m<path\u001b[39m\n                \u001b[33md\u001b[39m=\u001b[32m\"m12.5 17-.5-1-.5 1h1z\"\u001b[39m\n              \u001b[36m/>\u001b[39m\n              \u001b[36m<path\u001b[39m\n                \u001b[33md\u001b[39m=\u001b[32m\"M15 22a1 1 0 0 0 1-1v-1a2 2 0 0 0 1.56-3.25 8 8 0 1 0-11.12 0A2 2 0 0 0 8 20v1a1 1 0 0 0 1 1z\"\u001b[39m\n              \u001b[36m/>\u001b[39m\n              \u001b[36m<circle\u001b[39m\n                \u001b[33mcx\u001b[39m=\u001b[32m\"15\"\u001b[39m\n                \u001b[33mcy\u001b[39m=\u001b[32m\"12\"\u001b[39m\n                \u001b[33mr\u001b[39m=\u001b[32m\"1\"\u001b[39m\n              \u001b[36m/>\u001b[39m\n              \u001b[36m<circle\u001b[39m\n                \u001b[33mcx\u001b[39m=\u001b[32m\"9\"\u001b[39m\n                \u001b[33mcy\u001b[39m=\u001b[32m\"12\"\u001b[39m\n                \u001b[33mr\u001b[39m=\u001b[32m\"1\"\u001b[39m\n              \u001b[36m/>\u001b[39m\n            \u001b[36m</svg>\u001b[39m\n            \u001b[36m<div>\u001b[39m\n              \u001b[36m<h1\u001b[39m\n                \u001b[33mclass\u001b[39m=\u001b[32m\"text-3xl font-bold bg-clip-text text-transparent bg-gradient-to-r from-red-500 to-orange-500\"\u001b[39m\n              \u001b[36m>\u001b[39m\n                \u001b[0mMonte Carlo Simulation\u001b[0m\n              \u001b[36m</h1>\u001b[39m\n              \u001b[36m<p\u001b[39m\n                \u001b[33mclass\u001b[39m=\u001b[32m\"text-gray-400 text-sm\"\u001b[39m\n              \u001b[36m>\u001b[39m\n                \u001b[0mHistorical Crash & Ruin Probability Simulator\u001b[0m\n              \u001b[36m</p>\u001b[39m\n            \u001b[36m</div>\u001b[39m\n          \u001b[36m</div>\u001b[39m\n          \u001b[36m<div\u001b[39m\n            \u001b[33mclass\u001b[39m=\u001b[32m\"bg-[#111827] border border-gray-800 rounded-xl p-2 inline-flex w-fit\"\u001b[39m\n          \u001b[36m>\u001b[39m\n            \u001b[36m<button\u001b[39m\n              \u001b[33mclass\u001b[39m=\u001b[32m\"px-5 py-2 rounded-lg text-xs font-bold uppercase tracking-wider transition bg-red-600 text-white shadow-[0_0_18px_rgba(220,38,38,0.25)]\"\u001b[39m\n            \u001b[36m>\u001b[39m\n              \u001b[0mCrash Simulator\u001b[0m\n            \u001b[36m</button>\u001b[39m\n            \u001b[36m<button\u001b[39m\n              \u001b[33mclass\u001b[39m=\u001b[32m\"px-5 py-2 rounded-lg text-xs font-bold uppercase tracking-wider transition text-gray-400 hover:text-white hover:bg-gray-800\"\u001b[39m\n            \u001b[36m>\u001b[39m\n              \u001b[0mPortfolio Risk (Monte Carlo)\u001b[0m\n            \u001b[36m</button>\u001b[39m\n          \u001b[36m</div>\u001b[39m\n          \u001b[36m<div\u001b[39m\n            \u001b[33mclass\u001b[39m=\u001b[32m\"bg-[#111827] border border-gray-800 rounded-xl p-6 flex flex-col md:flex-row items-center gap-6\"\u001b[39m\n          \u001b[36m>\u001b[39m\n            \u001b[36m<div\u001b[39m\n              \u001b[33mclass\u001b[39m=\u001b[32m\"flex-1\"\u001b[39m\n            \u001b[36m>\u001b[39m\n              \u001b[36m<label\u001b[39m\n                \u001b[33mclass\u001b[39m=\u001b[32m\"block text-sm font-medium text-gray-400 mb-2\"\u001b[39m\n              \u001b[36m>\u001b[39m\n                \u001b[0mTarget Index\u001b[0m\n              \u001b[36m</label>\u001b[39m\n              \u001b[36m<div\u001b[39m\n                \u001b[33mclass\u001b[39m=\u001b[32m\"flex space-x-2\"\u001b[39m\n              \u001b[36m>\u001b[39m\n                \u001b[36m<button\u001b[39m\n                  \u001b[33mclass\u001b[39m=\u001b[32m\"px-4 py-2 rounded-lg text-sm font-bold transition bg-red-500/20 text-red-400 border border-red-500/50\"\u001b[39m\n                \u001b[36m>\u001b[39m\n                  \u001b[0mEGX30\u001b[0m\n                \u001b[36m</button>\u001b[39m\n                \u001b[36m<button\u001b[39m\n                  \u001b[33mclass\u001b[39m=\u001b[32m\"px-4 py-2 rounded-lg text-sm font-bold transition bg-gray-800 text-gray-400 hover:bg-gray-700\"\u001b[39m\n                \u001b[36m>\u001b[39m\n                  \u001b[0mEGX70\u001b[0m\n                \u001b[36m</button>\u001b[39m\n                \u001b[36m<button\u001b[39m\n                  \u001b[33mclass\u001b[39m=\u001b[32m\"px-4 py-2 rounded-lg text-sm font-bold transition bg-gray-800 text-gray-400 hover:bg-gray-700\"\u001b[39m\n                \u001b[36m>\u001b[39m\n                  \u001b[0mFINANCIALS\u001b[0m\n                \u001b[36m</button>\u001b[39m\n              \u001b[36m</div>\u001b[39m\n            \u001b[36m</div>\u001b[39m\n            \u001b[36m<div\u001b[39m\n              \u001b[33mclass\u001b[39m=\u001b[32m\"flex-1\"\u001b[39m\n            \u001b[36m>\u001b[39m\n              \u001b[36m<label\u001b[39m\n                \u001b[33mclass\u001b[39m=\u001b[32m\"block text-sm font-medium text-gray-400 mb-2\"\u001b[39m\n              \u001b[36m>\u001b[39m\n                \u001b[0mSimulation Start Date\u001b[0m\n              \u001b[36m</label>\u001b[39m\n              \u001b[36m<input\u001b[39m\n                \u001b[33mclass\u001b[39m=\u001b[32m\"w-full bg-slate-900 border border-gray-700 rounded-lg px-4 py-2 text-white focus:outline-none focus:ring-2 focus:ring-red-500/50\"\u001b[39m\n                \u001b[33mtype\u001b[39m=\u001b[32m\"date\"\u001b[39m\n                \u001b[33mvalue\u001b[39m=\u001b[32m\"\"\u001b[39m\n              \u001b[36m/>\u001b[39m\n            \u001b[36m</div>\u001b[39m\n            \u001b[36m<div\u001b[39m\n              \u001b[33mclass\u001b[39m=\u001b[32m\"flex-1\"\u001b[39m\n            \u001b[36m>\u001b[39m\n              \u001b[36m<label\u001b[39m\n                \u001b[33mclass\u001b[39m=\u001b[32m\"block text-sm font-medium text-gray-400 mb-2\"\u001b[39m\n              \u001b[36m>\u001b[39m\n                \u001b[0mInitial Capital (EGP)\u001b[0m\n              \u001b[36m</label>\u001b[39m\n              \u001b[36m<input\u001b[39m\n                \u001b[33mclass\u001b[39m=\u001b[32m\"w-full bg-slate-900 border border-gray-700 rounded-lg px-4 py-2 text-white font-mono focus:outline-none focus:ring-2 focus:ring-red-500/50\"\u001b[39m\n                \u001b[33mtype\u001b[39m=\u001b[32m\"number\"\u001b[39m\n                \u001b[33mvalue\u001b[39m=\u001b[32m\"1000000\"\u001b[39m\n              \u001b[36m/>\u001b[39m\n            \u001b[36m</div>\u001b[39m\n            \u001b[36m<button\u001b[39m\n              \u001b[33mclass\u001b[39m=\u001b[32m\"w-full md:w-auto px-8 py-3 bg-red-600 hover:bg-red-700 text-white font-bold rounded-lg transition flex items-center justify-center disabled:opacity-50 shadow-[0_0_20px_rgba(220,38,38,0.3)]\"\u001b[39m\n            \u001b[36m>\u001b[39m\n              \u001b[36m<svg\u001b[39m\n                \u001b[33maria-hidden\u001b[39m=\u001b[32m\"true\"\u001b[39m\n                \u001b[33mclass\u001b[39m=\u001b[32m\"lucide lucide-zap w-5 h-5 mr-2\"\u001b[39m\n                \u001b[33mfill\u001b[39m=\u001b[32m\"none\"\u001b[39m\n                \u001b[33mheight\u001b[39m=\u001b[32m\"24\"\u001b[39m\n                \u001b[33mstroke\u001b[39m=\u001b[32m\"currentColor\"\u001b[39m\n                \u001b[33mstroke-linecap\u001b[39m=\u001b[32m\"round\"\u001b[39m\n                \u001b[33mstroke-linejoin\u001b[39m=\u001b[32m\"round\"\u001b[39m\n                \u001b[33mstroke-width\u001b[39m=\u001b[32m\"2\"\u001b[39m\n                \u001b[33mviewBox\u001b[39m=\u001b[32m\"0 0 24 24\"\u001b[39m\n                \u001b[33mwidth\u001b[39m=\u001b[32m\"24\"\u001b[39m\n                \u001b[33mxmlns\u001b[39m=\u001b[32m\"http://www.w3.org/2000/svg\"\u001b[39m\n              \u001b[36m>\u001b[39m\n                \u001b[36m<path\u001b[39m\n                  \u001b[33md\u001b[39m=\u001b[32m\"M4 14a1 1 0 0 1-.78-1.63l9.9-10.2a.5.5 0 0 1 .86.46l-1.92 6.02A1 1 0 0 0 13 10h7a1 1 0 0 1 .78 1.63l-9.9 10.2a.5.5 0 0 1-.86-.46l1.92-6.02A1 1 0 0 0 11 14z\"\u001b[39m\n                \u001b[36m/>\u001b[39m\n              \u001b[36m</svg>\u001b[39m\n              \u001b[0mSIMULATE CRASH\u001b[0m\n            \u001b[36m</button>\u001b[39m\n          \u001b[36m</div>\u001b[39m\n        \u001b[36m</div>\u001b[39m\n      \u001b[36m</div>\u001b[39m\n    \u001b[36m</body>\u001b[39m\n\n    \u001b[0m \u001b[90m 26 |\u001b[39m\n     \u001b[90m 27 |\u001b[39m         expect(screen\u001b[33m.\u001b[39mgetByRole(\u001b[32m'heading'\u001b[39m\u001b[33m,\u001b[39m { name\u001b[33m:\u001b[39m \u001b[35m/Monte Carlo/i\u001b[39m }))\u001b[33m.\u001b[39mtoBeInTheDocument()\u001b[33m;\u001b[39m\n    \u001b[31m\u001b[1m>\u001b[22m\u001b[39m\u001b[90m 28 |\u001b[39m         expect(screen\u001b[33m.\u001b[39mgetByText(\u001b[35m/Simulation/i\u001b[39m))\u001b[33m.\u001b[39mtoBeInTheDocument()\u001b[33m;\u001b[39m\n     \u001b[90m    |\u001b[39m                       \u001b[31m\u001b[1m^\u001b[22m\u001b[39m\n     \u001b[90m 29 |\u001b[39m         expect(screen\u001b[33m.\u001b[39mgetByRole(\u001b[32m'button'\u001b[39m\u001b[33m,\u001b[39m { name\u001b[33m:\u001b[39m \u001b[35m/Crash Simulator/i\u001b[39m }))\u001b[33m.\u001b[39mtoBeInTheDocument()\u001b[33m;\u001b[39m\n     \u001b[90m 30 |\u001b[39m         expect(screen\u001b[33m.\u001b[39mgetByRole(\u001b[32m'button'\u001b[39m\u001b[33m,\u001b[39m { name\u001b[33m:\u001b[39m \u001b[35m/Portfolio Risk/i\u001b[39m }))\u001b[33m.\u001b[39mtoBeInTheDocument()\u001b[33m;\u001b[39m\n     \u001b[90m 31 |\u001b[39m     })\u001b[33m;\u001b[39m\u001b[0m\n\n      at Object.getElementError (../node_modules/@testing-library/dom/dist/config.js:37:19)\n      at getElementError (../node_modules/@testing-library/dom/dist/query-helpers.js:20:35)\n      at getMultipleElementsFoundError (../node_modules/@testing-library/dom/dist/query-helpers.js:23:10)\n      at ../node_modules/@testing-library/dom/dist/query-helpers.js:55:13\n      at ../node_modules/@testing-library/dom/dist/query-helpers.js:95:19\n      at Object.getByText (src/app/simulation/page.test.tsx:28:23)\n","name":"C:\\Users\\TSabr\\Horus\\Horus-Analytics-II\\frontend\\src\\app\\simulation\\page.test.tsx","startTime":1772417511092,"status":"failed","summary":""},{"assertionResults":[{"ancestorTitles":["OptimizationPage"],"duration":396,"failing":false,"failureDetails":[],"failureMessages":[],"fullName":"OptimizationPage runs simulator and renders KPI cards on success","invocations":1,"location":null,"numPassingAsserts":3,"retryReasons":[],"startAt":1772417512129,"status":"passed","title":"runs simulator and renders KPI cards on success"},{"ancestorTitles":["OptimizationPage"],"duration":107,"failing":false,"failureDetails":[],"failureMessages":[],"fullName":"OptimizationPage shows simulator error banner when backtest fails","invocations":1,"location":null,"numPassingAsserts":1,"retryReasons":[],"startAt":1772417512526,"status":"passed","title":"shows simulator error banner when backtest fails"},{"ancestorTitles":["OptimizationPage"],"duration":297,"failing":false,"failureDetails":[],"failureMessages":[],"fullName":"OptimizationPage opens confirm dialog and applies settings from simulator","invocations":1,"location":null,"numPassingAsserts":4,"retryReasons":[],"startAt":1772417512634,"status":"passed","title":"opens confirm dialog and applies settings from simulator"},{"ancestorTitles":["OptimizationPage"],"duration":125,"failing":false,"failureDetails":[],"failureMessages":[],"fullName":"OptimizationPage shows optimizer start error in Genetic AI mode when start fails","invocations":1,"location":null,"numPassingAsserts":1,"retryReasons":[],"startAt":1772417512931,"status":"passed","title":"shows optimizer start error in Genetic AI mode when start fails"}],"endTime":1772417513058,"message":"","name":"C:\\Users\\TSabr\\Horus\\Horus-Analytics-II\\frontend\\src\\app\\optimization\\page.test.tsx","startTime":1772417511059,"status":"passed","summary":""},{"assertionResults":[{"ancestorTitles":["StatusPage"],"duration":251,"failing":false,"failureDetails":[],"failureMessages":[],"fullName":"StatusPage renders system observability cards from backend payload","invocations":1,"location":null,"numPassingAsserts":7,"retryReasons":[],"startAt":1772417512165,"status":"passed","title":"renders system observability cards from backend payload"},{"ancestorTitles":["StatusPage"],"duration":55,"failing":false,"failureDetails":[],"failureMessages":[],"fullName":"StatusPage shows sync in progress message when data sync status is RUNNING","invocations":1,"location":null,"numPassingAsserts":1,"retryReasons":[],"startAt":1772417512417,"status":"passed","title":"shows sync in progress message when data sync status is RUNNING"},{"ancestorTitles":["StatusPage"],"duration":277,"failing":false,"failureDetails":[],"failureMessages":[],"fullName":"StatusPage starts data sync from action button and reflects started state","invocations":1,"location":null,"numPassingAsserts":2,"retryReasons":[],"startAt":1772417512472,"status":"passed","title":"starts data sync from action button and reflects started state"},{"ancestorTitles":["StatusPage"],"duration":189,"failing":false,"failureDetails":[],"failureMessages":[],"fullName":"StatusPage handles already-running sync response from start endpoint","invocations":1,"location":null,"numPassingAsserts":2,"retryReasons":[],"startAt":1772417512749,"status":"passed","title":"handles already-running sync response from start endpoint"},{"ancestorTitles":["StatusPage"],"duration":130,"failing":false,"failureDetails":[],"failureMessages":[],"fullName":"StatusPage transitions RUNNING to COMPLETED and forces status refresh on sync poll","invocations":1,"location":null,"numPassingAsserts":3,"retryReasons":[],"startAt":1772417512939,"status":"passed","title":"transitions RUNNING to COMPLETED and forces status refresh on sync poll"}],"endTime":1772417513072,"message":"","name":"C:\\Users\\TSabr\\Horus\\Horus-Analytics-II\\frontend\\src\\app\\status\\page.test.tsx","startTime":1772417511133,"status":"passed","summary":""},{"assertionResults":[{"ancestorTitles":["Sidebar system status"],"duration":84,"failing":false,"failureDetails":[],"failureMessages":[],"fullName":"Sidebar system status shows syncing state when any domain is loading","invocations":1,"location":null,"numPassingAsserts":3,"retryReasons":[],"startAt":1772417512848,"status":"passed","title":"shows syncing state when any domain is loading"},{"ancestorTitles":["Sidebar system status"],"duration":138,"failing":false,"failureDetails":[],"failureMessages":[],"fullName":"Sidebar system status shows stale state when critical timestamps are old","invocations":1,"location":null,"numPassingAsserts":3,"retryReasons":[],"startAt":1772417512932,"status":"passed","title":"shows stale state when critical timestamps are old"},{"ancestorTitles":["Sidebar system status"],"duration":125,"failing":false,"failureDetails":[],"failureMessages":[],"fullName":"Sidebar system status shows fresh state when data is recent and not loading","invocations":1,"location":null,"numPassingAsserts":3,"retryReasons":[],"startAt":1772417513070,"status":"passed","title":"shows fresh state when data is recent and not loading"}],"endTime":1772417513196,"message":"","name":"C:\\Users\\TSabr\\Horus\\Horus-Analytics-II\\frontend\\src\\app\\components\\Sidebar.test.tsx","startTime":1772417512603,"status":"passed","summary":""},{"assertionResults":[{"ancestorTitles":["ScannerPage"],"duration":63,"failing":false,"failureDetails":[],"failureMessages":[],"fullName":"ScannerPage shows idle empty state before any scan data is available","invocations":1,"location":null,"numPassingAsserts":2,"retryReasons":[],"startAt":1772417512851,"status":"passed","title":"shows idle empty state before any scan data is available"},{"ancestorTitles":["ScannerPage"],"duration":93,"failing":false,"failureDetails":[],"failureMessages":[],"fullName":"ScannerPage hydrates table when backend status is COMPLETED with result","invocations":1,"location":null,"numPassingAsserts":5,"retryReasons":[],"startAt":1772417512915,"status":"passed","title":"hydrates table when backend status is COMPLETED with result"},{"ancestorTitles":["ScannerPage"],"duration":111,"failing":false,"failureDetails":[],"failureMessages":[],"fullName":"ScannerPage starts a scan when Initialize Scan is clicked","invocations":1,"location":null,"numPassingAsserts":2,"retryReasons":[],"startAt":1772417513008,"status":"passed","title":"starts a scan when Initialize Scan is clicked"},{"ancestorTitles":["ScannerPage"],"duration":91,"failing":false,"failureDetails":[],"failureMessages":[],"fullName":"ScannerPage shows connection error when scan trigger fails","invocations":1,"location":null,"numPassingAsserts":2,"retryReasons":[],"startAt":1772417513120,"status":"passed","title":"shows connection error when scan trigger fails"}],"endTime":1772417513212,"message":"","name":"C:\\Users\\TSabr\\Horus\\Horus-Analytics-II\\frontend\\src\\app\\scanner\\page.test.tsx","startTime":1772417512612,"status":"passed","summary":""},{"assertionResults":[{"ancestorTitles":["MetricCard"],"duration":33,"failing":false,"failureDetails":[],"failureMessages":[],"fullName":"MetricCard renders title and value","invocations":1,"location":null,"numPassingAsserts":2,"retryReasons":[],"startAt":1772417513305,"status":"passed","title":"renders title and value"},{"ancestorTitles":["MetricCard"],"duration":9,"failing":false,"failureDetails":[],"failureMessages":[],"fullName":"MetricCard renders trend with arrow","invocations":1,"location":null,"numPassingAsserts":1,"retryReasons":[],"startAt":1772417513339,"status":"passed","title":"renders trend with arrow"},{"ancestorTitles":["MetricCard"],"duration":19,"failing":false,"failureDetails":[],"failureMessages":[],"fullName":"MetricCard applies negative trend styling check logic (class check)","invocations":1,"location":null,"numPassingAsserts":1,"retryReasons":[],"startAt":1772417513349,"status":"passed","title":"applies negative trend styling check logic (class check)"},{"ancestorTitles":["MetricCard"],"duration":7,"failing":false,"failureDetails":[],"failureMessages":[],"fullName":"MetricCard applies positive trend styling check logic (class check)","invocations":1,"location":null,"numPassingAsserts":1,"retryReasons":[],"startAt":1772417513369,"status":"passed","title":"applies positive trend styling check logic (class check)"}],"endTime":1772417513377,"message":"","name":"C:\\Users\\TSabr\\Horus\\Horus-Analytics-II\\frontend\\src\\components\\MetricCard.test.tsx","startTime":1772417513098,"status":"passed","summary":""},{"assertionResults":[{"ancestorTitles":["WhalesPage"],"duration":43,"failing":false,"failureDetails":[],"failureMessages":[],"fullName":"WhalesPage renders whale candidates with ticker, sector, price, and strength","invocations":1,"location":null,"numPassingAsserts":6,"retryReasons":[],"startAt":1772417513122,"status":"passed","title":"renders whale candidates with ticker, sector, price, and strength"},{"ancestorTitles":["WhalesPage"],"duration":32,"failing":false,"failureDetails":[],"failureMessages":[],"fullName":"WhalesPage displays correct signal badges (ACCUMULATION / DISTRIBUTION)","invocations":1,"location":null,"numPassingAsserts":2,"retryReasons":[],"startAt":1772417513165,"status":"passed","title":"displays correct signal badges (ACCUMULATION / DISTRIBUTION)"},{"ancestorTitles":["WhalesPage"],"duration":27,"failing":false,"failureDetails":[],"failureMessages":[],"fullName":"WhalesPage shows signal-specific detail text per card","invocations":1,"location":null,"numPassingAsserts":2,"retryReasons":[],"startAt":1772417513198,"status":"passed","title":"shows signal-specific detail text per card"},{"ancestorTitles":["WhalesPage"],"duration":26,"failing":false,"failureDetails":[],"failureMessages":[],"fullName":"WhalesPage displays sonar status with candidate count and sector count","invocations":1,"location":null,"numPassingAsserts":2,"retryReasons":[],"startAt":1772417513225,"status":"passed","title":"displays sonar status with candidate count and sector count"},{"ancestorTitles":["WhalesPage"],"duration":26,"failing":false,"failureDetails":[],"failureMessages":[],"fullName":"WhalesPage renders sector summary grid with accumulation / distribution split","invocations":1,"location":null,"numPassingAsserts":2,"retryReasons":[],"startAt":1772417513251,"status":"passed","title":"renders sector summary grid with accumulation / distribution split"},{"ancestorTitles":["WhalesPage"],"duration":49,"failing":false,"failureDetails":[],"failureMessages":[],"fullName":"WhalesPage filters by ticker case-insensitively","invocations":1,"location":null,"numPassingAsserts":2,"retryReasons":[],"startAt":1772417513277,"status":"passed","title":"filters by ticker case-insensitively"},{"ancestorTitles":["WhalesPage"],"duration":56,"failing":false,"failureDetails":[],"failureMessages":[],"fullName":"WhalesPage filters by sector name","invocations":1,"location":null,"numPassingAsserts":2,"retryReasons":[],"startAt":1772417513326,"status":"passed","title":"filters by sector name"},{"ancestorTitles":["WhalesPage"],"duration":23,"failing":false,"failureDetails":[],"failureMessages":[],"fullName":"WhalesPage calls refreshWhales when header button is clicked","invocations":1,"location":null,"numPassingAsserts":2,"retryReasons":[],"startAt":1772417513382,"status":"passed","title":"calls refreshWhales when header button is clicked"}],"endTime":1772417513406,"message":"","name":"C:\\Users\\TSabr\\Horus\\Horus-Analytics-II\\frontend\\src\\app\\whales\\page.test.tsx","startTime":1772417512867,"status":"passed","summary":""},{"assertionResults":[{"ancestorTitles":["PortfolioTable"],"duration":104,"failing":false,"failureDetails":[],"failureMessages":[],"fullName":"PortfolioTable renders positions correctly","invocations":1,"location":null,"numPassingAsserts":3,"retryReasons":[],"startAt":1772417513262,"status":"passed","title":"renders positions correctly"},{"ancestorTitles":["PortfolioTable"],"duration":29,"failing":false,"failureDetails":[],"failureMessages":[],"fullName":"PortfolioTable calls onEdit when edit button click","invocations":1,"location":null,"numPassingAsserts":1,"retryReasons":[],"startAt":1772417513366,"status":"passed","title":"calls onEdit when edit button click"},{"ancestorTitles":["PortfolioTable"],"duration":28,"failing":false,"failureDetails":[],"failureMessages":[],"fullName":"PortfolioTable calls onClose when delete button click","invocations":1,"location":null,"numPassingAsserts":1,"retryReasons":[],"startAt":1772417513395,"status":"passed","title":"calls onClose when delete button click"}],"endTime":1772417513424,"message":"","name":"C:\\Users\\TSabr\\Horus\\Horus-Analytics-II\\frontend\\src\\components\\PortfolioTable.test.tsx","startTime":1772417512958,"status":"passed","summary":""},{"assertionResults":[{"ancestorTitles":["SimulationBanner"],"duration":21,"failing":false,"failureDetails":[],"failureMessages":[],"fullName":"SimulationBanner does not render when simulation is inactive","invocations":1,"location":null,"numPassingAsserts":1,"retryReasons":[],"startAt":1772417513252,"status":"passed","title":"does not render when simulation is inactive"},{"ancestorTitles":["SimulationBanner"],"duration":31,"failing":false,"failureDetails":[],"failureMessages":[],"fullName":"SimulationBanner renders active banner and date when simulation is active","invocations":1,"location":null,"numPassingAsserts":3,"retryReasons":[],"startAt":1772417513273,"status":"passed","title":"renders active banner and date when simulation is active"},{"ancestorTitles":["SimulationBanner"],"duration":128,"failing":false,"failureDetails":[],"failureMessages":[],"fullName":"SimulationBanner stops simulation and reloads when Exit Simulation is clicked","invocations":1,"location":null,"numPassingAsserts":2,"retryReasons":[],"startAt":1772417513304,"status":"passed","title":"stops simulation and reloads when Exit Simulation is clicked"}],"endTime":1772417513434,"message":"","name":"C:\\Users\\TSabr\\Horus\\Horus-Analytics-II\\frontend\\src\\app\\components\\SimulationBanner.test.tsx","startTime":1772417513041,"status":"passed","summary":""},{"assertionResults":[{"ancestorTitles":["WeeklyReportRedirectPage"],"duration":4,"failing":false,"failureDetails":[],"failureMessages":[],"fullName":"WeeklyReportRedirectPage redirects to portfolio reporting section","invocations":1,"location":null,"numPassingAsserts":1,"retryReasons":[],"startAt":1772417513430,"status":"passed","title":"redirects to portfolio reporting section"}],"endTime":1772417513435,"message":"","name":"C:\\Users\\TSabr\\Horus\\Horus-Analytics-II\\frontend\\src\\app\\reports\\weekly\\page.test.tsx","startTime":1772417513242,"status":"passed","summary":""},{"assertionResults":[{"ancestorTitles":["TrapsPage"],"duration":75,"failing":false,"failureDetails":[],"failureMessages":[],"fullName":"TrapsPage renders bull and bear traps with ticker, date, price, and fakeout %","invocations":1,"location":null,"numPassingAsserts":9,"retryReasons":[],"startAt":1772417513298,"status":"passed","title":"renders bull and bear traps with ticker, date, price, and fakeout %"},{"ancestorTitles":["TrapsPage"],"duration":16,"failing":false,"failureDetails":[],"failureMessages":[],"fullName":"TrapsPage shows \"The Market is Honest Today\" when both arrays are empty","invocations":1,"location":null,"numPassingAsserts":2,"retryReasons":[],"startAt":1772417513373,"status":"passed","title":"shows \"The Market is Honest Today\" when both arrays are empty"},{"ancestorTitles":["TrapsPage"],"duration":17,"failing":false,"failureDetails":[],"failureMessages":[],"fullName":"TrapsPage shows individual empty messages when only one category is empty","invocations":1,"location":null,"numPassingAsserts":2,"retryReasons":[],"startAt":1772417513389,"status":"passed","title":"shows individual empty messages when only one category is empty"},{"ancestorTitles":["TrapsPage"],"duration":13,"failing":false,"failureDetails":[],"failureMessages":[],"fullName":"TrapsPage handles null traps from context gracefully","invocations":1,"location":null,"numPassingAsserts":1,"retryReasons":[],"startAt":1772417513406,"status":"passed","title":"handles null traps from context gracefully"},{"ancestorTitles":["TrapsPage"],"duration":16,"failing":false,"failureDetails":[],"failureMessages":[],"fullName":"TrapsPage calls refreshTraps when header button is clicked","invocations":1,"location":null,"numPassingAsserts":2,"retryReasons":[],"startAt":1772417513419,"status":"passed","title":"calls refreshTraps when header button is clicked"},{"ancestorTitles":["TrapsPage"],"duration":12,"failing":false,"failureDetails":[],"failureMessages":[],"fullName":"TrapsPage disables refresh button during loading","invocations":1,"location":null,"numPassingAsserts":1,"retryReasons":[],"startAt":1772417513436,"status":"passed","title":"disables refresh button during loading"}],"endTime":1772417513449,"message":"","name":"C:\\Users\\TSabr\\Horus\\Horus-Analytics-II\\frontend\\src\\app\\traps\\page.test.tsx","startTime":1772417513083,"status":"passed","summary":""},{"assertionResults":[{"ancestorTitles":["SignalCard"],"duration":11,"failing":false,"failureDetails":[],"failureMessages":[],"fullName":"SignalCard renders ticker symbol","invocations":1,"location":null,"numPassingAsserts":1,"retryReasons":[],"startAt":1772417513417,"status":"passed","title":"renders ticker symbol"},{"ancestorTitles":["SignalCard"],"duration":7,"failing":false,"failureDetails":[],"failureMessages":[],"fullName":"SignalCard renders correct signal type","invocations":1,"location":null,"numPassingAsserts":1,"retryReasons":[],"startAt":1772417513428,"status":"passed","title":"renders correct signal type"},{"ancestorTitles":["SignalCard"],"duration":6,"failing":false,"failureDetails":[],"failureMessages":[],"fullName":"SignalCard renders price with 4 decimal formatting","invocations":1,"location":null,"numPassingAsserts":1,"retryReasons":[],"startAt":1772417513435,"status":"passed","title":"renders price with 4 decimal formatting"},{"ancestorTitles":["SignalCard"],"duration":5,"failing":false,"failureDetails":[],"failureMessages":[],"fullName":"SignalCard renders score","invocations":1,"location":null,"numPassingAsserts":1,"retryReasons":[],"startAt":1772417513441,"status":"passed","title":"renders score"},{"ancestorTitles":["SignalCard"],"duration":6,"failing":false,"failureDetails":[],"failureMessages":[],"fullName":"SignalCard renders date safely","invocations":1,"location":null,"numPassingAsserts":1,"retryReasons":[],"startAt":1772417513446,"status":"passed","title":"renders date safely"}],"endTime":1772417513453,"message":"","name":"C:\\Users\\TSabr\\Horus\\Horus-Analytics-II\\frontend\\src\\components\\SignalCard.test.tsx","startTime":1772417513219,"status":"passed","summary":""},{"assertionResults":[{"ancestorTitles":["ArbitragePage"],"duration":68,"failing":false,"failureDetails":[],"failureMessages":[],"fullName":"ArbitragePage renders mirror pairs with leader, follower, lag, and confidence","invocations":1,"location":null,"numPassingAsserts":8,"retryReasons":[],"startAt":1772417513241,"status":"passed","title":"renders mirror pairs with leader, follower, lag, and confidence"},{"ancestorTitles":["ArbitragePage"],"duration":32,"failing":false,"failureDetails":[],"failureMessages":[],"fullName":"ArbitragePage shows type badge for each mirror (Positive Echo / Negative Echo)","invocations":1,"location":null,"numPassingAsserts":2,"retryReasons":[],"startAt":1772417513310,"status":"passed","title":"shows type badge for each mirror (Positive Echo / Negative Echo)"},{"ancestorTitles":["ArbitragePage"],"duration":63,"failing":false,"failureDetails":[],"failureMessages":[],"fullName":"ArbitragePage filters mirror pairs case-insensitively by ticker","invocations":1,"location":null,"numPassingAsserts":3,"retryReasons":[],"startAt":1772417513342,"status":"passed","title":"filters mirror pairs case-insensitively by ticker"},{"ancestorTitles":["ArbitragePage"],"duration":13,"failing":false,"failureDetails":[],"failureMessages":[],"fullName":"ArbitragePage shows empty message when no mirrors exist","invocations":1,"location":null,"numPassingAsserts":1,"retryReasons":[],"startAt":1772417513405,"status":"passed","title":"shows empty message when no mirrors exist"},{"ancestorTitles":["ArbitragePage"],"duration":33,"failing":false,"failureDetails":[],"failureMessages":[],"fullName":"ArbitragePage shows empty message when filter matches nothing","invocations":1,"location":null,"numPassingAsserts":1,"retryReasons":[],"startAt":1772417513418,"status":"passed","title":"shows empty message when filter matches nothing"},{"ancestorTitles":["ArbitragePage"],"duration":21,"failing":false,"failureDetails":[],"failureMessages":[],"fullName":"ArbitragePage calls refreshArbitrage when header button is clicked","invocations":1,"location":null,"numPassingAsserts":2,"retryReasons":[],"startAt":1772417513451,"status":"passed","title":"calls refreshArbitrage when header button is clicked"}],"endTime":1772417513473,"message":"","name":"C:\\Users\\TSabr\\Horus\\Horus-Analytics-II\\frontend\\src\\app\\arbitrage\\page.test.tsx","startTime":1772417513012,"status":"passed","summary":""},{"assertionResults":[{"ancestorTitles":["OraclePage"],"duration":80,"failing":false,"failureDetails":[],"failureMessages":[],"fullName":"OraclePage renders macro signal, correlation, and message","invocations":1,"location":null,"numPassingAsserts":4,"retryReasons":[],"startAt":1772417513250,"status":"passed","title":"renders macro signal, correlation, and message"},{"ancestorTitles":["OraclePage"],"duration":65,"failing":false,"failureDetails":[],"failureMessages":[],"fullName":"OraclePage renders squeeze candidates when status is \"found\"","invocations":1,"location":null,"numPassingAsserts":6,"retryReasons":[],"startAt":1772417513335,"status":"passed","title":"renders squeeze candidates when status is \"found\""},{"ancestorTitles":["OraclePage"],"duration":21,"failing":false,"failureDetails":[],"failureMessages":[],"fullName":"OraclePage shows \"Market is expanded\" when no squeeze found","invocations":1,"location":null,"numPassingAsserts":2,"retryReasons":[],"startAt":1772417513400,"status":"passed","title":"shows \"Market is expanded\" when no squeeze found"},{"ancestorTitles":["OraclePage"],"duration":20,"failing":false,"failureDetails":[],"failureMessages":[],"fullName":"OraclePage renders header even when oracle data is null","invocations":1,"location":null,"numPassingAsserts":2,"retryReasons":[],"startAt":1772417513421,"status":"passed","title":"renders header even when oracle data is null"},{"ancestorTitles":["OraclePage"],"duration":15,"failing":false,"failureDetails":[],"failureMessages":[],"fullName":"OraclePage calls refreshOracle when header button is clicked","invocations":1,"location":null,"numPassingAsserts":2,"retryReasons":[],"startAt":1772417513441,"status":"passed","title":"calls refreshOracle when header button is clicked"},{"ancestorTitles":["OraclePage"],"duration":15,"failing":false,"failureDetails":[],"failureMessages":[],"fullName":"OraclePage disables refresh button during loading","invocations":1,"location":null,"numPassingAsserts":1,"retryReasons":[],"startAt":1772417513456,"status":"passed","title":"disables refresh button during loading"},{"ancestorTitles":["OraclePage"],"duration":26,"failing":false,"failureDetails":[],"failureMessages":[],"fullName":"OraclePage calls refreshOracleNoCache when regenerate AI report is clicked","invocations":1,"location":null,"numPassingAsserts":2,"retryReasons":[],"startAt":1772417513471,"status":"passed","title":"calls refreshOracleNoCache when regenerate AI report is clicked"},{"ancestorTitles":["OraclePage"],"duration":22,"failing":false,"failureDetails":[],"failureMessages":[],"fullName":"OraclePage calls refreshOracleWithProvider when OpenRouter button is clicked","invocations":1,"location":null,"numPassingAsserts":1,"retryReasons":[],"startAt":1772417513497,"status":"passed","title":"calls refreshOracleWithProvider when OpenRouter button is clicked"}],"endTime":1772417513520,"message":"","name":"C:\\Users\\TSabr\\Horus\\Horus-Analytics-II\\frontend\\src\\app\\oracle\\page.test.tsx","startTime":1772417513008,"status":"passed","summary":""},{"assertionResults":[{"ancestorTitles":["SeasonalityPage"],"duration":1109,"failing":false,"failureDetails":[{"name":"TestingLibraryElementError"}],"failureMessages":["Error: Unable to find an element with the text: Helheim's Casket. This could be because the text is broken up by multiple elements. In this case, you can provide a function for your text matcher to make your matcher more flexible.\n\nIgnored nodes: comments, script, style\n\u001b[36m<body>\u001b[39m\n  \u001b[36m<div>\u001b[39m\n    \u001b[36m<div\u001b[39m\n      \u001b[33mclass\u001b[39m=\u001b[32m\"page-shell\"\u001b[39m\n    \u001b[36m>\u001b[39m\n      \u001b[36m<div\u001b[39m\n        \u001b[33mclass\u001b[39m=\u001b[32m\"flex justify-between items-center group\"\u001b[39m\n      \u001b[36m>\u001b[39m\n        \u001b[36m<div\u001b[39m\n          \u001b[33mclass\u001b[39m=\u001b[32m\"flex items-center gap-6 cursor-default transition-all\"\u001b[39m\n        \u001b[36m>\u001b[39m\n          \u001b[36m<svg\u001b[39m\n            \u001b[33maria-hidden\u001b[39m=\u001b[32m\"true\"\u001b[39m\n            \u001b[33mclass\u001b[39m=\u001b[32m\"lucide lucide-calendar-days w-12 h-12 text-rose-500 drop-shadow-[0_0_15px_rgba(244,63,94,0.3)] group-hover:scale-110 transition-transform\"\u001b[39m\n            \u001b[33mfill\u001b[39m=\u001b[32m\"none\"\u001b[39m\n            \u001b[33mheight\u001b[39m=\u001b[32m\"24\"\u001b[39m\n            \u001b[33mstroke\u001b[39m=\u001b[32m\"currentColor\"\u001b[39m\n            \u001b[33mstroke-linecap\u001b[39m=\u001b[32m\"round\"\u001b[39m\n            \u001b[33mstroke-linejoin\u001b[39m=\u001b[32m\"round\"\u001b[39m\n            \u001b[33mstroke-width\u001b[39m=\u001b[32m\"2\"\u001b[39m\n            \u001b[33mviewBox\u001b[39m=\u001b[32m\"0 0 24 24\"\u001b[39m\n            \u001b[33mwidth\u001b[39m=\u001b[32m\"24\"\u001b[39m\n            \u001b[33mxmlns\u001b[39m=\u001b[32m\"http://www.w3.org/2000/svg\"\u001b[39m\n          \u001b[36m>\u001b[39m\n            \u001b[36m<path\u001b[39m\n              \u001b[33md\u001b[39m=\u001b[32m\"M8 2v4\"\u001b[39m\n            \u001b[36m/>\u001b[39m\n            \u001b[36m<path\u001b[39m\n              \u001b[33md\u001b[39m=\u001b[32m\"M16 2v4\"\u001b[39m\n            \u001b[36m/>\u001b[39m\n            \u001b[36m<rect\u001b[39m\n              \u001b[33mheight\u001b[39m=\u001b[32m\"18\"\u001b[39m\n              \u001b[33mrx\u001b[39m=\u001b[32m\"2\"\u001b[39m\n              \u001b[33mwidth\u001b[39m=\u001b[32m\"18\"\u001b[39m\n              \u001b[33mx\u001b[39m=\u001b[32m\"3\"\u001b[39m\n              \u001b[33my\u001b[39m=\u001b[32m\"4\"\u001b[39m\n            \u001b[36m/>\u001b[39m\n            \u001b[36m<path\u001b[39m\n              \u001b[33md\u001b[39m=\u001b[32m\"M3 10h18\"\u001b[39m\n            \u001b[36m/>\u001b[39m\n            \u001b[36m<path\u001b[39m\n              \u001b[33md\u001b[39m=\u001b[32m\"M8 14h.01\"\u001b[39m\n            \u001b[36m/>\u001b[39m\n            \u001b[36m<path\u001b[39m\n              \u001b[33md\u001b[39m=\u001b[32m\"M12 14h.01\"\u001b[39m\n            \u001b[36m/>\u001b[39m\n            \u001b[36m<path\u001b[39m\n              \u001b[33md\u001b[39m=\u001b[32m\"M16 14h.01\"\u001b[39m\n            \u001b[36m/>\u001b[39m\n            \u001b[36m<path\u001b[39m\n              \u001b[33md\u001b[39m=\u001b[32m\"M8 18h.01\"\u001b[39m\n            \u001b[36m/>\u001b[39m\n            \u001b[36m<path\u001b[39m\n              \u001b[33md\u001b[39m=\u001b[32m\"M12 18h.01\"\u001b[39m\n            \u001b[36m/>\u001b[39m\n            \u001b[36m<path\u001b[39m\n              \u001b[33md\u001b[39m=\u001b[32m\"M16 18h.01\"\u001b[39m\n            \u001b[36m/>\u001b[39m\n          \u001b[36m</svg>\u001b[39m\n          \u001b[36m<div>\u001b[39m\n            \u001b[36m<h1\u001b[39m\n              \u001b[33mclass\u001b[39m=\u001b[32m\"text-3xl font-bold bg-clip-text text-transparent bg-gradient-to-r from-rose-400 to-purple-600\"\u001b[39m\n            \u001b[36m>\u001b[39m\n              \u001b[0mSeasonal Pattern Analysis\u001b[0m\n            \u001b[36m</h1>\u001b[39m\n            \u001b[36m<p\u001b[39m\n              \u001b[33mclass\u001b[39m=\u001b[32m\"text-gray-400 text-sm\"\u001b[39m\n            \u001b[36m>\u001b[39m\n              \u001b[0mSeasonality & Time Analysis (Historical Patterns)\u001b[0m\n            \u001b[36m</p>\u001b[39m\n          \u001b[36m</div>\u001b[39m\n        \u001b[36m</div>\u001b[39m\n        \u001b[36m<div\u001b[39m\n          \u001b[33mclass\u001b[39m=\u001b[32m\"flex space-x-4\"\u001b[39m\n        \u001b[36m>\u001b[39m\n          \u001b[36m<div\u001b[39m\n            \u001b[33mclass\u001b[39m=\u001b[32m\"relative\"\u001b[39m\n          \u001b[36m>\u001b[39m\n            \u001b[36m<svg\u001b[39m\n              \u001b[33maria-hidden\u001b[39m=\u001b[32m\"true\"\u001b[39m\n              \u001b[33mclass\u001b[39m=\u001b[32m\"lucide lucide-search absolute left-3 top-1/2 -translate-y-1/2 w-4 h-4 text-gray-500\"\u001b[39m\n              \u001b[33mfill\u001b[39m=\u001b[32m\"none\"\u001b[39m\n              \u001b[33mheight\u001b[39m=\u001b[32m\"24\"\u001b[39m\n              \u001b[33mstroke\u001b[39m=\u001b[32m\"currentColor\"\u001b[39m\n              \u001b[33mstroke-linecap\u001b[39m=\u001b[32m\"round\"\u001b[39m\n              \u001b[33mstroke-linejoin\u001b[39m=\u001b[32m\"round\"\u001b[39m\n              \u001b[33mstroke-width\u001b[39m=\u001b[32m\"2\"\u001b[39m\n              \u001b[33mviewBox\u001b[39m=\u001b[32m\"0 0 24 24\"\u001b[39m\n              \u001b[33mwidth\u001b[39m=\u001b[32m\"24\"\u001b[39m\n              \u001b[33mxmlns\u001b[39m=\u001b[32m\"http://www.w3.org/2000/svg\"\u001b[39m\n            \u001b[36m>\u001b[39m\n              \u001b[36m<path\u001b[39m\n                \u001b[33md\u001b[39m=\u001b[32m\"m21 21-4.34-4.34\"\u001b[39m\n              \u001b[36m/>\u001b[39m\n              \u001b[36m<circle\u001b[39m\n                \u001b[33mcx\u001b[39m=\u001b[32m\"11\"\u001b[39m\n                \u001b[33mcy\u001b[39m=\u001b[32m\"11\"\u001b[39m\n                \u001b[33mr\u001b[39m=\u001b[32m\"8\"\u001b[39m\n              \u001b[36m/>\u001b[39m\n            \u001b[36m</svg>\u001b[39m\n            \u001b[36m<input\u001b[39m\n              \u001b[33mclass\u001b[39m=\u001b[32m\"bg-[#111827] border border-gray-800 rounded-lg pl-10 pr-4 py-2 text-sm text-gray-200 focus:outline-none focus:border-rose-500 transition\"\u001b[39m\n              \u001b[33mplaceholder\u001b[39m=\u001b[32m\"Search specific ticker...\"\u001b[39m\n              \u001b[33mtype\u001b[39m=\u001b[32m\"text\"\u001b[39m\n              \u001b[33mvalue\u001b[39m=\u001b[32m\"COMI\"\u001b[39m\n            \u001b[36m/>\u001b[39m\n          \u001b[36m</div>\u001b[39m\n          \u001b[36m<button\u001b[39m\n            \u001b[33mclass\u001b[39m=\u001b[32m\"p-2 bg-[#1f2937] hover:bg-[#374151] rounded-lg transition\"\u001b[39m\n          \u001b[36m>\u001b[39m\n            \u001b[36m<svg\u001b[39m\n              \u001b[33maria-hidden\u001b[39m=\u001b[32m\"true\"\u001b[39m\n              \u001b[33mclass\u001b[39m=\u001b[32m\"lucide lucide-refresh-cw w-5 h-5 text-gray-300\"\u001b[39m\n              \u001b[33mfill\u001b[39m=\u001b[32m\"none\"\u001b[39m\n              \u001b[33mheight\u001b[39m=\u001b[32m\"24\"\u001b[39m\n              \u001b[33mstroke\u001b[39m=\u001b[32m\"currentColor\"\u001b[39m\n              \u001b[33mstroke-linecap\u001b[39m=\u001b[32m\"round\"\u001b[39m\n              \u001b[33mstroke-linejoin\u001b[39m=\u001b[32m\"round\"\u001b[39m\n              \u001b[33mstroke-width\u001b[39m=\u001b[32m\"2\"\u001b[39m\n              \u001b[33mviewBox\u001b[39m=\u001b[32m\"0 0 24 24\"\u001b[39m\n              \u001b[33mwidth\u001b[39m=\u001b[32m\"24\"\u001b[39m\n              \u001b[33mxmlns\u001b[39m=\u001b[32m\"http://www.w3.org/2000/svg\"\u001b[39m\n            \u001b[36m>\u001b[39m\n              \u001b[36m<path\u001b[39m\n                \u001b[33md\u001b[39m=\u001b[32m\"M3 12a9 9 0 0 1 9-9 9.75 9.75 0 0 1 6.74 2.74L21 8\"\u001b[39m\n              \u001b[36m/>\u001b[39m\n              \u001b[36m<path\u001b[39m\n                \u001b[33md\u001b[39m=\u001b[32m\"M21 3v5h-5\"\u001b[39m\n              \u001b[36m/>\u001b[39m\n              \u001b[36m<path\u001b[39m\n                \u001b[33md\u001b[39m=\u001b[32m\"M21 12a9 9 0 0 1-9 9 9.75 9.75 0 0 1-6.74-2.74L3 16\"\u001b[39m\n              \u001b[36m/>\u001b[39m\n              \u001b[36m<path\u001b[39m\n                \u001b[33md\u001b[39m=\u001b[32m\"M8 16H3v5\"\u001b[39m\n              \u001b[36m/>\u001b[39m\n            \u001b[36m</svg>\u001b[39m\n          \u001b[36m</button>\u001b[39m\n        \u001b[36m</div>\u001b[39m\n      \u001b[36m</div>\u001b[39m\n      \u001b[36m<div\u001b[39m\n        \u001b[33mclass\u001b[39m=\u001b[32m\"grid grid-cols-1 lg:grid-cols-3 gap-6\"\u001b[39m\n      \u001b[36m>\u001b[39m\n        \u001b[36m<div\u001b[39m\n          \u001b[33mclass\u001b[39m=\u001b[32m\"lg:col-span-2 bg-[#111827] border border-gray-800 rounded-xl overflow-hidden flex flex-col\"\u001b[39m\n        \u001b[36m>\u001b[39m\n          \u001b[36m<div\u001b[39m\n            \u001b[33mclass\u001b[39m=\u001b[32m\"p-4 border-b border-gray-800 bg-gray-900/50 flex justify-between items-center\"\u001b[39m\n          \u001b[36m>\u001b[39m\n            \u001b[36m<h3\u001b[39m\n              \u001b[33mclass\u001b[39m=\u001b[32m\"font-bold text-gray-200 flex items-center capitalize\"\u001b[39m\n            \u001b[36m>\u001b[39m\n              \u001b[36m<svg\u001b[39m\n                \u001b[33maria-hidden\u001b[39m=\u001b[32m\"true\"\u001b[39m\n                \u001b[33mclass\u001b[39m=\u001b[32m\"lucide lucide-star w-4 h-4 mr-2 text-yellow-500\"\u001b[39m\n                \u001b[33mfill\u001b[39m=\u001b[32m\"none\"\u001b[39m\n                \u001b[33mheight\u001b[39m=\u001b[32m\"24\"\u001b[39m\n                \u001b[33mstroke\u001b[39m=\u001b[32m\"currentColor\"\u001b[39m\n                \u001b[33mstroke-linecap\u001b[39m=\u001b[32m\"round\"\u001b[39m\n                \u001b[33mstroke-linejoin\u001b[39m=\u001b[32m\"round\"\u001b...\n    at waitForWrapper (C:\\Users\\TSabr\\Horus\\Horus-Analytics-II\\node_modules\\@testing-library\\dom\\dist\\wait-for.js:163:27)\n    at Object.<anonymous> (C:\\Users\\TSabr\\Horus\\Horus-Analytics-II\\frontend\\src\\app\\seasonality\\page.test.tsx:52:22)\n    at Promise.finally.completed (C:\\Users\\TSabr\\Horus\\Horus-Analytics-II\\node_modules\\jest-circus\\build\\jestAdapterInit.js:1557:28)\n    at new Promise (<anonymous>)\n    at callAsyncCircusFn (C:\\Users\\TSabr\\Horus\\Horus-Analytics-II\\node_modules\\jest-circus\\build\\jestAdapterInit.js:1497:10)\n    at _callCircusTest (C:\\Users\\TSabr\\Horus\\Horus-Analytics-II\\node_modules\\jest-circus\\build\\jestAdapterInit.js:1007:40)\n    at processTicksAndRejections (node:internal/process/task_queues:103:5)\n    at _runTest (C:\\Users\\TSabr\\Horus\\Horus-Analytics-II\\node_modules\\jest-circus\\build\\jestAdapterInit.js:947:3)\n    at C:\\Users\\TSabr\\Horus\\Horus-Analytics-II\\node_modules\\jest-circus\\build\\jestAdapterInit.js:849:7\n    at _runTestsForDescribeBlock (C:\\Users\\TSabr\\Horus\\Horus-Analytics-II\\node_modules\\jest-circus\\build\\jestAdapterInit.js:862:11)\n    at _runTestsForDescribeBlock (C:\\Users\\TSabr\\Horus\\Horus-Analytics-II\\node_modules\\jest-circus\\build\\jestAdapterInit.js:857:11)\n    at run (C:\\Users\\TSabr\\Horus\\Horus-Analytics-II\\node_modules\\jest-circus\\build\\jestAdapterInit.js:761:3)\n    at runAndTransformResultsToJestFormat (C:\\Users\\TSabr\\Horus\\Horus-Analytics-II\\node_modules\\jest-circus\\build\\jestAdapterInit.js:1918:21)\n    at jestAdapter (C:\\Users\\TSabr\\Horus\\Horus-Analytics-II\\node_modules\\jest-circus\\build\\runner.js:101:19)\n    at runTestInternal (C:\\Users\\TSabr\\Horus\\Horus-Analytics-II\\node_modules\\jest-runner\\build\\testWorker.js:275:16)\n    at runTest (C:\\Users\\TSabr\\Horus\\Horus-Analytics-II\\node_modules\\jest-runner\\build\\testWorker.js:343:7)\n    at Object.worker (C:\\Users\\TSabr\\Horus\\Horus-Analytics-II\\node_modules\\jest-runner\\build\\testWorker.js:497:12)"],"fullName":"SeasonalityPage loads market and ticker seasonality on mount","invocations":1,"location":null,"numPassingAsserts":0,"retryReasons":[],"startAt":1772417512154,"status":"failed","title":"loads market and ticker seasonality on mount"},{"ancestorTitles":["SeasonalityPage"],"duration":75,"failing":false,"failureDetails":[],"failureMessages":[],"fullName":"SeasonalityPage displays verdict card with best and worst months","invocations":
[...]
"\u001b[39m\n                  \u001b[33mstroke\u001b[39m=\u001b[32m\"currentColor\"\u001b[39m\n                  \u001b[33mstroke-linecap\u001b[39m=\u001b[32m\"round\"\u001b[39m\n                  \u001b[33mstroke-linejoin\u001b[39m=\u001b[32m\"round\"\u001b[39m\n                  \u001b[33mstroke-width\u001b[39m=\u001b[32m\"2\"\u001b[39m\n                  \u001b[33mviewBox\u001b[39m=\u001b[32m\"0 0 24 24\"\u001b[39m\n                  \u001b[33mwidth\u001b[39m=\u001b[32m\"16\"\u001b[39m\n                  \u001b[33mxmlns\u001b[39m=\u001b[32m\"http://www.w3.org/2000/svg\"\u001b[39m\n                \u001b[36m>\u001b[39m\n                  \u001b[36m<line\u001b[39m\n                    \u001b[33mx1\u001b[39m=\u001b[32m\"12\"\u001b[39m\n                    \u001b[33mx2\u001b[39m=\u001b[32m\"12\"\u001b[39m\n                    \u001b[33my1\u001b[39m=\u001b[32m\"2\"\u001b[39m\n                    \u001b[33my2\u001b[39m=\u001b[32m\"22\"\u001b[39m\n                  \u001b[36m/>\u001b[39m\n                  \u001b[36m<path\u001b[39m\n                    \u001b[33md\u001b[39m=\u001b[32m\"M17 5H9.5a3.5 3.5 0 0 0 0 7h5a3.5 3.5 0 0 1 0 7H6\"\u001b[39m\n                  \u001b[36m/>\u001b[39m\n                \u001b[36m</svg>\u001b[39m\n                \u001b[0m Update Balances\u001b[0m\n              \u001b[36m</button>\u001b[39m\n              \u001b[36m<button\u001b[39m\n                \u001b[33mclass\u001b[39m=\u001b[32m\"action-primary gap-2 !bg-yellow-500 !text-black hover:!bg-yellow-400 shadow-[0_0_15px_rgba(234,179,8,0.3)]\"\u001b[39m\n              \u001b[36m>\u001b[39m\n                \u001b[36m<svg\u001b[39m\n                  \u001b[33maria-hidden\u001b[39m=\u001b[32m\"true\"\u001b[39m\n                  \u001b[33mclass\u001b[39m=\u001b[32m\"lucide lucide-plus\"\u001b[39m\n                  \u001b[33mfill\u001b[39m=\u001b[32m\"none\"\u001b[39m\n                  \u001b[33mheight\u001b[39m=\u001b[32m\"16\"\u001b[39m\n                  \u001b[33mstroke\u001b[39m=\u001b[32m\"currentColor\"\u001b[39m\n                  \u001b[33mstroke-linecap\u001b[39m=\u001b[32m\"round\"\u001b[39m\n                  \u001b[33mstroke-linejoin\u001b[39m=\u001b[32m\"round\"\u001b[39m\n                  \u001b[33mstroke-width\u001b[39m=\u001b[32m\"2\"\u001b[39m\n                  \u001b[33mviewBox\u001b[39m=\u001b[32m\"0 0 24 24\"\u001b[39m\n                  \u001b[33mwidth\u001b[39m=\u001b[32m\"16\"\u001b[39m\n                  \u001b[33mxmlns\u001b[39m=\u001b[32m\"http://www.w3.org/2000/svg\"\u001b[39m\n                \u001b[36m>\u001b[39m\n                  \u001b[36m<path\u001b[39m\n                    \u001b[33md\u001b[39m=\u001b[32m\"M5 12h14\"\u001b[39m\n                  \u001b[36m/>\u001b[39m\n                  \u001b[36m<path\u001b[39m\n                    \u001b[33md\u001b[39m=\u001b[32m\"M12 5v14\"\u001b[39m\n                  \u001b[36m/>\u001b[39m\n                \u001b[36m</svg>\u001b[39m\n                \u001b[0m Add Position\u001b[0m\n              \u001b[36m</button>\u001b[39m\n              \u001b[36m<button\u001b[39m\n                \u001b[33mclass\u001b[39m=\u001b[32m\"action-primary gap-2 !bg-blue-600 !text-white hover:!bg-blue-500 shadow-[0_0_15px_rgba(59,130,246,0.25)]\"\u001b[39m\n              \u001b[36m>\u001b[39m\n                \u001b[36m<svg\u001b[39m\n                  \u001b[33maria-hidden\u001b[39m=\u001b[32m\"true\"\u001b[39m\n                  \u001b[33mclass\u001b[39m=\u001b[32m\"lucide lucide-file-text\"\u001b[39m\n                  \u001b[33mfill\u001b[39m=\u001b[32m\"none\"\u001b[39m\n                  \u001b[33mheight\u001b[39m=\u001b[32m\"16\"\u001b[39m\n                  \u001b[33mstroke\u001b[39m=\u001b[32m\"currentColor\"\u001b[39m\n                  \u001b[33mstroke-linecap\u001b[39m=\u001b[32m\"round\"\u001b[39m\n                  \u001b[33mstroke-linejoin\u001b[39m=\u001b[32m\"round\"\u001b[39m\n                  \u001b[33mstroke-width\u001b[39m=\u001b[32m\"2\"\u001b[39m\n                  \u001b[33mviewBox\u001b[39m=\u001b[32m\"0 0 24 24\"\u001b[39m\n                  \u001b[33mwidth\u001b[39m=\u001b[32m\"16\"\u001b[39m\n                  \u001b[33mxmlns\u001b[39m=\u001b[32m\"http://www.w3.org/2000/svg\"\u001b[39m\n                \u001b[36m>\u001b[39m\n                  \u001b[36m<path\u001b[39m\n                    \u001b[33md\u001b[39m=\u001b[32m\"M6 22a2 2 0 0 1-2-2V4a2 2 0 0 1 2-2h8a2.4 2.4 0 0 1 1.704.706l3.588 3.588A2.4 2.4 0 0 1 20 8v12a2 2 0 0 1-2 2z\"\u001b[39m\n                  \u001b[36m/>\u001b[39m\n                  \u001b[36m...\n\n    \u001b[0m \u001b[90m 59 |\u001b[39m         render(\u001b[33m<\u001b[39m\u001b[33mPortfolioPage\u001b[39m \u001b[33m/\u001b[39m\u001b[33m>\u001b[39m)\u001b[33m;\u001b[39m\n     \u001b[90m 60 |\u001b[39m\n    \u001b[31m\u001b[1m>\u001b[22m\u001b[39m\u001b[90m 61 |\u001b[39m         \u001b[36mawait\u001b[39m waitFor(() \u001b[33m=>\u001b[39m {\n     \u001b[90m    |\u001b[39m                      \u001b[31m\u001b[1m^\u001b[22m\u001b[39m\n     \u001b[90m 62 |\u001b[39m             expect(screen\u001b[33m.\u001b[39mgetByText(\u001b[35m/Portfolio/i\u001b[39m))\u001b[33m.\u001b[39mtoBeInTheDocument()\u001b[33m;\u001b[39m\n     \u001b[90m 63 |\u001b[39m             expect(screen\u001b[33m.\u001b[39mgetByText(\u001b[35m/Manager/i\u001b[39m))\u001b[33m.\u001b[39mtoBeInTheDocument()\u001b[33m;\u001b[39m\n     \u001b[90m 64 |\u001b[39m             expect(screen\u001b[33m.\u001b[39mgetByTestId(\u001b[32m'mock-portfolio-table'\u001b[39m))\u001b[33m.\u001b[39mtoBeInTheDocument()\u001b[33m;\u001b[39m\u001b[0m\n\n      at waitForWrapper (../node_modules/@testing-library/dom/dist/wait-for.js:163:27)\n      at Object.<anonymous> (src/app/portfolio/page.test.tsx:61:22)\n\n  ● PortfolioPage › renders treasury initialization state when hoard is not active\n\n    Unable to find an element with the text: Authorize Treasury Genesis. This could be because the text is broken up by multiple elements. In this case, you can provide a function for your text matcher to make your matcher more flexible.\n\n    Ignored nodes: comments, script, style\n    \u001b[36m<body>\u001b[39m\n      \u001b[36m<div>\u001b[39m\n        \u001b[36m<div\u001b[39m\n          \u001b[33mclass\u001b[39m=\u001b[32m\"flex-1 flex flex-col justify-center items-center h-full space-y-6\"\u001b[39m\n        \u001b[36m>\u001b[39m\n          \u001b[36m<div\u001b[39m\n            \u001b[33mclass\u001b[39m=\u001b[32m\"relative\"\u001b[39m\n          \u001b[36m>\u001b[39m\n            \u001b[36m<div\u001b[39m\n              \u001b[33mclass\u001b[39m=\u001b[32m\"absolute inset-0 bg-yellow-500/20 blur-3xl rounded-full\"\u001b[39m\n            \u001b[36m/>\u001b[39m\n            \u001b[36m<svg\u001b[39m\n              \u001b[33maria-hidden\u001b[39m=\u001b[32m\"true\"\u001b[39m\n              \u001b[33mclass\u001b[39m=\u001b[32m\"lucide lucide-hard-drive w-20 h-20 text-yellow-500/50 relative z-10\"\u001b[39m\n              \u001b[33mfill\u001b[39m=\u001b[32m\"none\"\u001b[39m\n              \u001b[33mheight\u001b[39m=\u001b[32m\"24\"\u001b[39m\n              \u001b[33mstroke\u001b[39m=\u001b[32m\"currentColor\"\u001b[39m\n              \u001b[33mstroke-linecap\u001b[39m=\u001b[32m\"round\"\u001b[39m\n              \u001b[33mstroke-linejoin\u001b[39m=\u001b[32m\"round\"\u001b[39m\n              \u001b[33mstroke-width\u001b[39m=\u001b[32m\"2\"\u001b[39m\n              \u001b[33mviewBox\u001b[39m=\u001b[32m\"0 0 24 24\"\u001b[39m\n              \u001b[33mwidth\u001b[39m=\u001b[32m\"24\"\u001b[39m\n              \u001b[33mxmlns\u001b[39m=\u001b[32m\"http://www.w3.org/2000/svg\"\u001b[39m\n            \u001b[36m>\u001b[39m\n              \u001b[36m<line\u001b[39m\n                \u001b[33mx1\u001b[39m=\u001b[32m\"22\"\u001b[39m\n                \u001b[33mx2\u001b[39m=\u001b[32m\"2\"\u001b[39m\n                \u001b[33my1\u001b[39m=\u001b[32m\"12\"\u001b[39m\n                \u001b[33my2\u001b[39m=\u001b[32m\"12\"\u001b[39m\n              \u001b[36m/>\u001b[39m\n              \u001b[36m<path\u001b[39m\n                \u001b[33md\u001b[39m=\u001b[32m\"M5.45 5.11 2 12v6a2 2 0 0 0 2 2h16a2 2 0 0 0 2-2v-6l-3.45-6.89A2 2 0 0 0 16.76 4H7.24a2 2 0 0 0-1.79 1.11z\"\u001b[39m\n              \u001b[36m/>\u001b[39m\n              \u001b[36m<line\u001b[39m\n                \u001b[33mx1\u001b[39m=\u001b[32m\"6\"\u001b[39m\n                \u001b[33mx2\u001b[39m=\u001b[32m\"6.01\"\u001b[39m\n                \u001b[33my1\u001b[39m=\u001b[32m\"16\"\u001b[39m\n                \u001b[33my2\u001b[39m=\u001b[32m\"16\"\u001b[39m\n              \u001b[36m/>\u001b[39m\n              \u001b[36m<line\u001b[39m\n                \u001b[33mx1\u001b[39m=\u001b[32m\"10\"\u001b[39m\n                \u001b[33mx2\u001b[39m=\u001b[32m\"10.01\"\u001b[39m\n                \u001b[33my1\u001b[39m=\u001b[32m\"16\"\u001b[39m\n                \u001b[33my2\u001b[39m=\u001b[32m\"16\"\u001b[39m\n              \u001b[36m/>\u001b[39m\n            \u001b[36m</svg>\u001b[39m\n          \u001b[36m</div>\u001b[39m\n          \u001b[36m<div\u001b[39m\n            \u001b[33mclass\u001b[39m=\u001b[32m\"text-center space-y-2 relative z-10\"\u001b[39m\n          \u001b[36m>\u001b[39m\n            \u001b[36m<h2\u001b[39m\n              \u001b[33mclass\u001b[39m=\u001b[32m\"text-3xl font-black text-white uppercase tracking-tighter\"\u001b[39m\n            \u001b[36m>\u001b[39m\n              \u001b[0mGenesis Protocol Required\u001b[0m\n            \u001b[36m</h2>\u001b[39m\n            \u001b[36m<p\u001b[39m\n              \u001b[33mclass\u001b[39m=\u001b[32m\"text-gray-400 max-w-md mx-auto font-medium\"\u001b[39m\n            \u001b[36m>\u001b[39m\n              \u001b[0mThe Treasury is currently uninitialized. Calibrate your starting reserves to begin tracking performance.\u001b[0m\n            \u001b[36m</p>\u001b[39m\n          \u001b[36m</div>\u001b[39m\n          \u001b[36m<div\u001b[39m\n            \u001b[33mclass\u001b[39m=\u001b[32m\"flex gap-4\"\u001b[39m\n          \u001b[36m>\u001b[39m\n            \u001b[36m<button\u001b[39m\n              \u001b[33mclass\u001b[39m=\u001b[32m\"px-8 py-3 bg-yellow-500 hover:bg-yellow-400 text-black font-black uppercase tracking-widest rounded-2xl transition shadow-xl shadow-yellow-500/20\"\u001b[39m\n            \u001b[36m>\u001b[39m\n              \u001b[0mInitialize Treasury\u001b[0m\n            \u001b[36m</button>\u001b[39m\n            \u001b[36m<button\u001b[39m\n              \u001b[33mclass\u001b[39m=\u001b[32m\"px-8 py-3 bg-slate-800 hover:bg-slate-700 text-white font-bold rounded-2xl transition border border-white/5\"\u001b[39m\n            \u001b[36m>\u001b[39m\n              \u001b[0mRefresh\u001b[0m\n            \u001b[36m</button>\u001b[39m\n          \u001b[36m</div>\u001b[39m\n        \u001b[36m</div>\u001b[39m\n      \u001b[36m</div>\u001b[39m\n    \u001b[36m</body>\u001b[39m\n\n    \u001b[0m \u001b[90m 84 |\u001b[39m         render(\u001b[33m<\u001b[39m\u001b[33mPortfolioPage\u001b[39m \u001b[33m/\u001b[39m\u001b[33m>\u001b[39m)\u001b[33m;\u001b[39m\n     \u001b[90m 85 |\u001b[39m\n    \u001b[31m\u001b[1m>\u001b[22m\u001b[39m\u001b[90m 86 |\u001b[39m         \u001b[36mawait\u001b[39m waitFor(() \u001b[33m=>\u001b[39m {\n     \u001b[90m    |\u001b[39m                      \u001b[31m\u001b[1m^\u001b[22m\u001b[39m\n     \u001b[90m 87 |\u001b[39m             expect(screen\u001b[33m.\u001b[39mgetByText(\u001b[32m'Authorize Treasury Genesis'\u001b[39m))\u001b[33m.\u001b[39mtoBeInTheDocument()\u001b[33m;\u001b[39m\n     \u001b[90m 88 |\u001b[39m         })\u001b[33m;\u001b[39m\n     \u001b[90m 89 |\u001b[39m     })\u001b[33m;\u001b[39m\u001b[0m\n\n      at waitForWrapper (../node_modules/@testing-library/dom/dist/wait-for.js:163:27)\n      at Object.<anonymous> (src/app/portfolio/page.test.tsx:86:22)\n","name":"C:\\Users\\TSabr\\Horus\\Horus-Analytics-II\\frontend\\src\\app\\portfolio\\page.test.tsx","startTime":1772417511086,"status":"failed","summary":""},{"assertionResults":[{"ancestorTitles":["SettingsPage","Initial Load"],"duration":323,"failing":false,"failureDetails":[],"failureMessages":[],"fullName":"SettingsPage Initial Load loads core settings and renders configuration sections","invocations":1,"location":null,"numPassingAsserts":11,"retryReasons":[],"startAt":1772417512129,"status":"passed","title":"loads core settings and renders configuration sections"},{"ancestorTitles":["SettingsPage","Initial Load"],"duration":127,"failing":false,"failureDetails":[],"failureMessages":[],"fullName":"SettingsPage Initial Load falls back to defaults when backend is unreachable","invocations":1,"location":null,"numPassingAsserts":1,"retryReasons":[],"startAt":1772417512453,"status":"passed","title":"falls back to defaults when backend is unreachable"},{"ancestorTitles":["SettingsPage","Initial Load"],"duration":129,"failing":false,"failureDetails":[],"failureMessages":[],"fullName":"SettingsPage Initial Load handles partial failure – settings OK but exclusions fail","invocations":1,"location":null,"numPassingAsserts":2,"retryReasons":[],"startAt":1772417512580,"status":"passed","title":"handles partial failure – settings OK but exclusions fail"},{"ancestorTitles":["SettingsPage","Initial Load"],"duration":176,"failing":false,"failureDetails":[],"failureMessages":[],"fullName":"SettingsPage Initial Load silently ignores AbortError from cleanup (no error banner)","invocations":1,"location":null,"numPassingAsserts":2,"retryReasons":[],"startAt":1772417512709,"status":"passed","title":"silently ignores AbortError from cleanup (no error banner)"},{"ancestorTitles":["SettingsPage","Initial Load"],"duration":124,"failing":false,"failureDetails":[],"failureMessages":[],"fullName":"SettingsPage Initial Load handles non-OK HTTP status on initial GET (e.g. 500)","invocations":1,"location":null,"numPassingAsserts":1,"retryReasons":[],"startAt":1772417512886,"status":"passed","title":"handles non-OK HTTP status on initial GET (e.g. 500)"},{"ancestorTitles":["SettingsPage","Exclusion Management"],"duration":198,"failing":false,"failureDetails":[],"failureMessages":[],"fullName":"SettingsPage Exclusion Management adds exclusion via text input and Enter key","invocations":1,"location":null,"numPassingAsserts":2,"retryReasons":[],"startAt":1772417513010,"status":"passed","title":"adds exclusion via text input and Enter key"},{"ancestorTitles":["SettingsPage","Exclusion Management"],"duration":279,"failing":false,"failureDetails":[],"failureMessages":[],"fullName":"SettingsPage Exclusion Management removes exclusion via \"x\" button","invocations":1,"location":null,"numPassingAsserts":3,"retryReasons":[],"startAt":1772417513209,"status":"passed","title":"removes exclusion via \"x\" button"},{"ancestorTitles":["SettingsPage","Exclusion Management"],"duration":141,"failing":false,"failureDetails":[],"failureMessages":[],"fullName":"SettingsPage Exclusion Management ignores duplicate exclusion","invocations":1,"location":null,"numPassingAsserts":2,"retryReasons":[],"startAt":1772417513488,"status":"passed","title":"ignores duplicate exclusion"},{"ancestorTitles":["SettingsPage","Exclusion Management"],"duration":131,"failing":false,"failureDetails":[],"failureMessages":[],"fullName":"SettingsPage Exclusion Management shows autocomplete dropdown with filtered matches","invocations":1,"location":null,"numPassingAsserts":2,"retryReasons":[],"startAt":1772417513629,"status":"passed","title":"shows autocomplete dropdown with filtered matches"},{"ancestorTitles":["SettingsPage","Form Interaction"],"duration":66,"failing":false,"failureDetails":[],"failureMessages":[],"fullName":"SettingsPage Form Interaction save button is disabled when no changes have been made","invocations":1,"location":null,"numPassingAsserts":1,"retryReasons":[],"startAt":1772417513760,"status":"passed","title":"save button is disabled when no changes have been made"},{"ancestorTitles":["SettingsPage","Form Interaction"],"duration":106,"failing":false,"failureDetails":[],"failureMessages":[],"fullName":"SettingsPage Form Interaction toggling USE_ATR_EXITS reveals ATR multiplier fields","invocations":1,"location":null,"numPassingAsserts":4,"retryReasons":[],"startAt":1772417513826,"status":"passed","title":"toggling USE_ATR_EXITS reveals ATR multiplier fields"},{"ancestorTitles":["SettingsPage","Form Interaction"],"duration":133,"failing":false,"failureDetails":[],"failureMessages":[],"fullName":"SettingsPage Form Interaction toggling AUTO_TRADE_ENABLED checkbox triggers change detection","invocations":1,"location":null,"numPassingAsserts":2,"retryReasons":[],"startAt":1772417513932,"status":"passed","title":"toggling AUTO_TRADE_ENABLED checkbox triggers change detection"},{"ancestorTitles":["SettingsPage","Form Interaction"],"duration":203,"failing":false,"failureDetails":[],"failureMessages":[],"fullName":"SettingsPage Form Interaction success message auto-clears after save","invocations":1,"location":null,"numPassingAsserts":4,"retryReasons":[],"startAt":1772417514065,"status":"passed","title":"success message auto-clears after save"},{"ancestorTitles":["SettingsPage","Save"],"duration":201,"failing":false,"failureDetails":[],"failureMessages":[],"fullName":"SettingsPage Save saves updated settings and exclusions","invocations":1,"location":null,"numPassingAsserts":5,"retryReasons":[],"startAt":1772417514268,"status":"passed","title":"saves updated settings and exclusions"},{"ancestorTitles":["SettingsPage","Save"],"duration":166,"failing":false,"failureDetails":[],"failureMessages":[],"fullName":"SettingsPage Save shows save failure message when settings POST fails","invocations":1,"location":null,"numPassingAsserts":1,"retryReasons":[],"startAt":1772417514470,"status":"passed","title":"shows save failure message when settings POST fails"},{"ancestorTitles":["SettingsPage","Save"],"duration":161,"failing":false,"failureDetails":[],"failureMessages":[],"fullName":"SettingsPage Save shows \"Network Error.\" when fetch throws during save","invocations":1,"location":null,"numPassingAsserts":2,"retryReasons":[],"startAt":1772417514636,"status":"passed","title":"shows \"Network Error.\" when fetch throws during save"},{"ancestorTitles":["SettingsPage","Save"],"duration":128,"failing":false,"failureDetails":[],"failureMessages":[],"fullName":"SettingsPage Save shows failure when exclusions POST fails but settings POST succeeds","invocations":1,"location":null,"numPassingAsserts":1,"retryReasons":[],"startAt":1772417514797,"status":"passed","title":"shows failure when exclusions POST fails but settings POST succeeds"},{"ancestorTitles":["SettingsPage","Save"],"duration":136,"failing":false,"failureDetails":[],"failureMessages":[],"fullName":"SettingsPage Save parses error from \"message\" key when \"detail\" is absent","invocations":1,"location":null,"numPassingAsserts":1,"retryReasons":[],"startAt":1772417514925,"status":"passed","title":"parses error from \"message\" key when \"detail\" is absent"},{"ancestorTitles":["SettingsPage","Telegram Test"],"duration":124,"failing":false,"failureDetails":[],"failureMessages":[],"fullName":"SettingsPage Telegram Test sends test alert and shows success message","invocations":1,"location":null,"numPassingAsserts":4,"retryReasons":[],"startAt":1772417515061,"status":"passed","title":"sends test alert and shows success message"},{"ancestorTitles":["SettingsPage","Telegram Test"],"duration":139,"failing":false,"failureDetails":[],"failureMessages":[],"fullName":"SettingsPage Telegram Test shows \"Test Failed\" when test alert fetch throws","invocations":1,"location":null,"numPassingAsserts":2,"retryReasons":[],"startAt":1772417515185,"status":"passed","title":"shows \"Test Failed\" when test alert fetch throws"}],"endTime":1772417515325,"message":"","name":"C:\\Users\\TSabr\\Horus\\Horus-Analytics-II\\frontend\\src\\app\\settings\\page.test.tsx","startTime":1772417511124,"status":"passed","summary":""}],"wasInterrupted":false}
